# JRE version: OpenJDK Runtime Environment Temurin-21.0.11+10 (21.0.11+10) (build 21.0.11+10-LTS)
# Java VM: OpenJDK 64-Bit Server VM Temurin-21.0.11+10 (21.0.11+10-LTS, mixed mode, sharing, tiered, compressed oops, compressed class ptrs, g1 gc, windows-amd64)
GC Precious Log:
 CardTable entry size: 512
 Card Set container configuration: InlinePtr #cards 5 size 8 Array Of Cards #cards 12 size 40 Howl #buckets 4 coarsen threshold 1843 Howl Bitmap #cards 512 size 80 coarsen threshold 460 Card regions per heap region 1 cards per card region 2048
 CPUs: 12 total, 12 available
 Memory: 5989M
 Large Page Support: Disabled
 NUMA Support: Disabled
 Compressed Oops: Enabled (32-bit)
 Heap Region Size: 1M
 Heap Min Capacity: 8M
 Heap Initial Capacity: 94M
 Heap Max Capacity: 1536M
 Pre-touch: Disabled
 Parallel Workers: 10
 Concurrent Workers: 3
 Concurrent Refinement Workers: 10
 Periodic GC: Disabled
Heap:
 garbage-first heap   total 91136K, used 80122K [0x00000000a0000000, 0x0000000100000000)
  region size 1024K, 33 young (33792K), 2 survivors (2048K)
 Metaspace       used 50048K, committed 51776K, reserved 393216K
  class space    used 7287K, committed 8128K, reserved 327680K
GC Heap History (20 events):
Event: 16.743 GC heap before
{Heap before GC invocations=6 (full 0):
 garbage-first heap   total 89088K, used 75749K [0x00000000a0000000, 0x0000000100000000)
  region size 1024K, 52 young (53248K), 3 survivors (3072K)
 Metaspace       used 27221K, committed 28224K, reserved 393216K
  class space    used 3911K, committed 4416K, reserved 327680K
}
Event: 16.752 GC heap after
{Heap after GC invocations=7 (full 0):
 garbage-first heap   total 89088K, used 28222K [0x00000000a0000000, 0x0000000100000000)
  region size 1024K, 5 young (5120K), 5 survivors (5120K)
 Metaspace       used 27221K, committed 28224K, reserved 393216K
  class space    used 3911K, committed 4416K, reserved 327680K
}
Event: 19.380 GC heap before
{Heap before GC invocations=7 (full 0):
 garbage-first heap   total 89088K, used 73278K [0x00000000a0000000, 0x0000000100000000)
  region size 1024K, 50 young (51200K), 5 survivors (5120K)
 Metaspace       used 33219K, committed 34496K, reserved 393216K
  class space    used 4890K, committed 5504K, reserved 327680K
}
Event: 19.388 GC heap after
{Heap after GC invocations=8 (full 0):
 garbage-first heap   total 89088K, used 29967K [0x00000000a0000000, 0x0000000100000000)
  region size 1024K, 6 young (6144K), 6 survivors (6144K)
 Metaspace       used 33219K, committed 34496K, reserved 393216K
  class space    used 4890K, committed 5504K, reserved 327680K
}
Event: 19.795 GC heap before
{Heap before GC invocations=8 (full 0):
 garbage-first heap   total 89088K, used 36111K [0x00000000a0000000, 0x0000000100000000)
  region size 1024K, 13 young (13312K), 6 survivors (6144K)
 Metaspace       used 34657K, committed 35968K, reserved 393216K
  class space    used 5056K, committed 5696K, reserved 327680K
}
Event: 19.802 GC heap after
{Heap after GC invocations=9 (full 0):
 garbage-first heap   total 89088K, used 30581K [0x00000000a0000000, 0x0000000100000000)
  region size 1024K, 3 young (3072K), 3 survivors (3072K)
 Metaspace       used 34657K, committed 35968K, reserved 393216K
  class space    used 5056K, committed 5696K, reserved 327680K
}
Event: 22.275 GC heap before
{Heap before GC invocations=10 (full 0):
 garbage-first heap   total 89088K, used 77685K [0x00000000a0000000, 0x0000000100000000)
  region size 1024K, 50 young (51200K), 3 survivors (3072K)
 Metaspace       used 37888K, committed 39168K, reserved 393216K
  class space    used 5579K, committed 6208K, reserved 327680K
}
Event: 22.285 GC heap after
{Heap after GC invocations=11 (full 0):
 garbage-first heap   total 89088K, used 35270K [0x00000000a0000000, 0x0000000100000000)
  region size 1024K, 7 young (7168K), 7 survivors (7168K)
 Metaspace       used 37888K, committed 39168K, reserved 393216K
  class space    used 5579K, committed 6208K, reserved 327680K
}
Event: 23.198 GC heap before
{Heap before GC invocations=11 (full 0):
 garbage-first heap   total 89088K, used 78278K [0x00000000a0000000, 0x0000000100000000)
  region size 1024K, 49 young (50176K), 7 survivors (7168K)
 Metaspace       used 37944K, committed 39232K, reserved 393216K
  class space    used 5579K, committed 6208K, reserved 327680K
}
Event: 23.209 GC heap after
{Heap after GC invocations=12 (full 0):
 garbage-first heap   total 90112K, used 36975K [0x00000000a0000000, 0x0000000100000000)
  region size 1024K, 4 young (4096K), 4 survivors (4096K)
 Metaspace       used 37944K, committed 39232K, reserved 393216K
  class space    used 5579K, committed 6208K, reserved 327680K
}
Event: 23.974 GC heap before
{Heap before GC invocations=12 (full 0):
 garbage-first heap   total 90112K, used 77935K [0x00000000a0000000, 0x0000000100000000)
  region size 1024K, 44 young (45056K), 4 survivors (4096K)
 Metaspace       used 38065K, committed 39360K, reserved 393216K
  class space    used 5596K, committed 6208K, reserved 327680K
}
Event: 23.981 GC heap after
{Heap after GC invocations=13 (full 0):
 garbage-first heap   total 90112K, used 39181K [0x00000000a0000000, 0x0000000100000000)
  region size 1024K, 6 young (6144K), 6 survivors (6144K)
 Metaspace       used 38065K, committed 39360K, reserved 393216K
  class space    used 5596K, committed 6208K, reserved 327680K
}
Event: 24.856 GC heap before
{Heap before GC invocations=13 (full 0):
 garbage-first heap   total 90112K, used 79117K [0x00000000a0000000, 0x0000000100000000)
  region size 1024K, 45 young (46080K), 6 survivors (6144K)
 Metaspace       used 38108K, committed 39424K, reserved 393216K
  class space    used 5596K, committed 6208K, reserved 327680K
}
Event: 24.865 GC heap after
{Heap after GC invocations=14 (full 0):
 garbage-first heap   total 90112K, used 41140K [0x00000000a0000000, 0x0000000100000000)
  region size 1024K, 5 young (5120K), 5 survivors (5120K)
 Metaspace       used 38108K, committed 39424K, reserved 393216K
  class space    used 5596K, committed 6208K, reserved 327680K
}
Event: 28.329 GC heap before
{Heap before GC invocations=14 (full 0):
 garbage-first heap   total 90112K, used 81076K [0x00000000a0000000, 0x0000000100000000)
  region size 1024K, 44 young (45056K), 5 survivors (5120K)
 Metaspace       used 42129K, committed 43520K, reserved 393216K
  class space    used 6095K, committed 6784K, reserved 327680K
}
Event: 28.341 GC heap after
{Heap after GC invocations=15 (full 0):
 garbage-first heap   total 91136K, used 44618K [0x00000000a0000000, 0x0000000100000000)
  region size 1024K, 6 young (6144K), 6 survivors (6144K)
 Metaspace       used 42129K, committed 43520K, reserved 393216K
  class space    used 6095K, committed 6784K, reserved 327680K
}
Event: 53.050 GC heap before
{Heap before GC invocations=15 (full 0):
 garbage-first heap   total 91136K, used 81482K [0x00000000a0000000, 0x0000000100000000)
  region size 1024K, 42 young (43008K), 6 survivors (6144K)
 Metaspace       used 46282K, committed 47744K, reserved 393216K
  class space    used 6630K, committed 7360K, reserved 327680K
}
Event: 53.059 GC heap after
{Heap after GC invocations=16 (full 0):
 garbage-first heap   total 91136K, used 47931K [0x00000000a0000000, 0x0000000100000000)
  region size 1024K, 4 young (4096K), 4 survivors (4096K)
 Metaspace       used 46282K, committed 47744K, reserved 393216K
  class space    used 6630K, committed 7360K, reserved 327680K
}
Event: 54.645 GC heap before
{Heap before GC invocations=16 (full 0):
 garbage-first heap   total 91136K, used 81723K [0x00000000a0000000, 0x0000000100000000)
  region size 1024K, 37 young (37888K), 4 survivors (4096K)
 Metaspace       used 47937K, committed 49536K, reserved 393216K
  class space    used 6918K, committed 7680K, reserved 327680K
}
Event: 54.663 GC heap after
{Heap after GC invocations=17 (full 0):
 garbage-first heap   total 91136K, used 49402K [0x00000000a0000000, 0x0000000100000000)
  region size 1024K, 2 young (2048K), 2 survivors (2048K)
 Metaspace       used 47937K, committed 49536K, reserved 393216K
  class space    used 6918K, committed 7680K, reserved 327680K
}

