# JRE version: OpenJDK Runtime Environment Temurin-21.0.11+10 (21.0.11+10) (build 21.0.11+10-LTS)
# Java VM: OpenJDK 64-Bit Server VM Temurin-21.0.11+10 (21.0.11+10-LTS, mixed mode, sharing, tiered, compressed oops, compressed class ptrs, g1 gc, windows-amd64)
GC Precious Log:
 CardTable entry size: 512
 Card Set container configuration: InlinePtr #cards 5 size 8 Array Of Cards #cards 12 size 40 Howl #buckets 4 coarsen threshold 1843 Howl Bitmap #cards 512 size 80 coarsen threshold 460 Card regions per heap region 1 cards per card region 2048
 CPUs: 12 total, 12 available
 Memory: 5989M
 Large Page Support: Disabled
 NUMA Support: Disabled
 Compressed Oops: Enabled (32-bit)
 Heap Region Size: 1M
 Heap Min Capacity: 8M
 Heap Initial Capacity: 94M
 Heap Max Capacity: 1536M
 Pre-touch: Disabled
 Parallel Workers: 10
 Concurrent Workers: 3
 Concurrent Refinement Workers: 10
 Periodic GC: Disabled
Heap:
 garbage-first heap   total 105472K, used 82401K [0x00000000a0000000, 0x0000000100000000)
  region size 1024K, 20 young (20480K), 4 survivors (4096K)
 Metaspace       used 73762K, committed 76096K, reserved 393216K
  class space    used 10808K, committed 11968K, reserved 327680K
GC Heap History (20 events):
Event: 46.088 GC heap before
{Heap before GC invocations=15 (full 0):
 garbage-first heap   total 86016K, used 78071K [0x00000000a0000000, 0x0000000100000000)
  region size 1024K, 40 young (40960K), 5 survivors (5120K)
 Metaspace       used 55269K, committed 57216K, reserved 393216K
  class space    used 8151K, committed 9088K, reserved 327680K
}
Event: 46.096 GC heap after
{Heap after GC invocations=16 (full 0):
 garbage-first heap   total 87040K, used 45613K [0x00000000a0000000, 0x0000000100000000)
  region size 1024K, 5 young (5120K), 5 survivors (5120K)
 Metaspace       used 55269K, committed 57216K, reserved 393216K
  class space    used 8151K, committed 9088K, reserved 327680K
}
Event: 46.253 GC heap before
{Heap before GC invocations=16 (full 0):
 garbage-first heap   total 87040K, used 49709K [0x00000000a0000000, 0x0000000100000000)
  region size 1024K, 10 young (10240K), 5 survivors (5120K)
 Metaspace       used 55662K, committed 57600K, reserved 393216K
  class space    used 8204K, committed 9152K, reserved 327680K
}
Event: 46.260 GC heap after
{Heap after GC invocations=17 (full 0):
 garbage-first heap   total 87040K, used 47351K [0x00000000a0000000, 0x0000000100000000)
  region size 1024K, 2 young (2048K), 2 survivors (2048K)
 Metaspace       used 55662K, committed 57600K, reserved 393216K
  class space    used 8204K, committed 9152K, reserved 327680K
}
Event: 47.837 GC heap before
{Heap before GC invocations=18 (full 0):
 garbage-first heap   total 87040K, used 84215K [0x00000000a0000000, 0x0000000100000000)
  region size 1024K, 32 young (32768K), 2 survivors (2048K)
 Metaspace       used 58702K, committed 60672K, reserved 393216K
  class space    used 8598K, committed 9536K, reserved 327680K
}
Event: 47.843 GC heap after
{Heap after GC invocations=19 (full 0):
 garbage-first heap   total 90112K, used 56003K [0x00000000a0000000, 0x0000000100000000)
  region size 1024K, 4 young (4096K), 4 survivors (4096K)
 Metaspace       used 58702K, committed 60672K, reserved 393216K
  class space    used 8598K, committed 9536K, reserved 327680K
}
Event: 48.778 GC heap before
{Heap before GC invocations=19 (full 0):
 garbage-first heap   total 90112K, used 82627K [0x00000000a0000000, 0x0000000100000000)
  region size 1024K, 30 young (30720K), 4 survivors (4096K)
 Metaspace       used 60568K, committed 62656K, reserved 393216K
  class space    used 8890K, committed 9920K, reserved 327680K
}
Event: 48.783 GC heap after
{Heap after GC invocations=20 (full 0):
 garbage-first heap   total 90112K, used 56351K [0x00000000a0000000, 0x0000000100000000)
  region size 1024K, 2 young (2048K), 2 survivors (2048K)
 Metaspace       used 60568K, committed 62656K, reserved 393216K
  class space    used 8890K, committed 9920K, reserved 327680K
}
Event: 49.528 GC heap before
{Heap before GC invocations=20 (full 0):
 garbage-first heap   total 90112K, used 82975K [0x00000000a0000000, 0x0000000100000000)
  region size 1024K, 28 young (28672K), 2 survivors (2048K)
 Metaspace       used 62238K, committed 64256K, reserved 393216K
  class space    used 9099K, committed 10112K, reserved 327680K
}
Event: 49.532 GC heap after
{Heap after GC invocations=21 (full 0):
 garbage-first heap   total 90112K, used 57702K [0x00000000a0000000, 0x0000000100000000)
  region size 1024K, 3 young (3072K), 3 survivors (3072K)
 Metaspace       used 62238K, committed 64256K, reserved 393216K
  class space    used 9099K, committed 10112K, reserved 327680K
}
Event: 50.297 GC heap before
{Heap before GC invocations=22 (full 0):
 garbage-first heap   total 97280K, used 83302K [0x00000000a0000000, 0x0000000100000000)
  region size 1024K, 28 young (28672K), 3 survivors (3072K)
 Metaspace       used 64669K, committed 66816K, reserved 393216K
  class space    used 9545K, committed 10624K, reserved 327680K
}
Event: 50.303 GC heap after
{Heap after GC invocations=23 (full 0):
 garbage-first heap   total 97280K, used 58824K [0x00000000a0000000, 0x0000000100000000)
  region size 1024K, 3 young (3072K), 3 survivors (3072K)
 Metaspace       used 64669K, committed 66816K, reserved 393216K
  class space    used 9545K, committed 10624K, reserved 327680K
}
Event: 51.283 GC heap before
{Heap before GC invocations=23 (full 0):
 garbage-first heap   total 97280K, used 89544K [0x00000000a0000000, 0x0000000100000000)
  region size 1024K, 33 young (33792K), 3 survivors (3072K)
 Metaspace       used 66875K, committed 68992K, reserved 393216K
  class space    used 9822K, committed 10880K, reserved 327680K
}
Event: 51.288 GC heap after
{Heap after GC invocations=24 (full 0):
 garbage-first heap   total 97280K, used 59524K [0x00000000a0000000, 0x0000000100000000)
  region size 1024K, 4 young (4096K), 4 survivors (4096K)
 Metaspace       used 66875K, committed 68992K, reserved 393216K
  class space    used 9822K, committed 10880K, reserved 327680K
}
Event: 52.238 GC heap before
{Heap before GC invocations=24 (full 0):
 garbage-first heap   total 97280K, used 90244K [0x00000000a0000000, 0x0000000100000000)
  region size 1024K, 34 young (34816K), 4 survivors (4096K)
 Metaspace       used 68905K, committed 71104K, reserved 393216K
  class space    used 10130K, committed 11200K, reserved 327680K
}
Event: 52.246 GC heap after
{Heap after GC invocations=25 (full 0):
 garbage-first heap   total 97280K, used 61027K [0x00000000a0000000, 0x0000000100000000)
  region size 1024K, 4 young (4096K), 4 survivors (4096K)
 Metaspace       used 68905K, committed 71104K, reserved 393216K
  class space    used 10130K, committed 11200K, reserved 327680K
}
Event: 53.523 GC heap before
{Heap before GC invocations=26 (full 0):
 garbage-first heap   total 102400K, used 90723K [0x00000000a0000000, 0x0000000100000000)
  region size 1024K, 33 young (33792K), 4 survivors (4096K)
 Metaspace       used 70770K, committed 72960K, reserved 393216K
  class space    used 10383K, committed 11456K, reserved 327680K
}
Event: 53.530 GC heap after
{Heap after GC invocations=27 (full 0):
 garbage-first heap   total 102400K, used 63952K [0x00000000a0000000, 0x0000000100000000)
  region size 1024K, 5 young (5120K), 5 survivors (5120K)
 Metaspace       used 70770K, committed 72960K, reserved 393216K
  class space    used 10383K, committed 11456K, reserved 327680K
}
Event: 55.643 GC heap before
{Heap before GC invocations=27 (full 0):
 garbage-first heap   total 102400K, used 94672K [0x00000000a0000000, 0x0000000100000000)
  region size 1024K, 35 young (35840K), 5 survivors (5120K)
 Metaspace       used 72199K, committed 74496K, reserved 393216K
  class space    used 10537K, committed 11648K, reserved 327680K
}
Event: 55.655 GC heap after
{Heap after GC invocations=28 (full 0):
 garbage-first heap   total 105472K, used 67041K [0x00000000a0000000, 0x0000000100000000)
  region size 1024K, 4 young (4096K), 4 survivors (4096K)
 Metaspace       used 72199K, committed 74496K, reserved 393216K
  class space    used 10537K, committed 11648K, reserved 327680K
}

