# JRE version: OpenJDK Runtime Environment Temurin-21.0.11+10 (21.0.11+10) (build 21.0.11+10-LTS)
# Java VM: OpenJDK 64-Bit Server VM Temurin-21.0.11+10 (21.0.11+10-LTS, mixed mode, sharing, tiered, compressed oops, compressed class ptrs, g1 gc, windows-amd64)
GC Precious Log:
 CardTable entry size: 512
 Card Set container configuration: InlinePtr #cards 5 size 8 Array Of Cards #cards 12 size 40 Howl #buckets 4 coarsen threshold 1843 Howl Bitmap #cards 512 size 80 coarsen threshold 460 Card regions per heap region 1 cards per card region 2048
 CPUs: 12 total, 12 available
 Memory: 5989M
 Large Page Support: Disabled
 NUMA Support: Disabled
 Compressed Oops: Enabled (32-bit)
 Heap Region Size: 1M
 Heap Min Capacity: 256M
 Heap Initial Capacity: 256M
 Heap Max Capacity: 512M
 Pre-touch: Disabled
 Parallel Workers: 10
 Concurrent Workers: 3
 Concurrent Refinement Workers: 10
 Periodic GC: Disabled
Heap:
 garbage-first heap   total 262144K, used 65397K [0x00000000e0000000, 0x0000000100000000)
  region size 1024K, 18 young (18432K), 9 survivors (9216K)
 Metaspace       used 61113K, committed 62784K, reserved 393216K
  class space    used 8721K, committed 9536K, reserved 327680K
GC Heap History (18 events):
Event: 1.198 GC heap before
{Heap before GC invocations=0 (full 0):
 garbage-first heap   total 262144K, used 26624K [0x00000000e0000000, 0x0000000100000000)
  region size 1024K, 23 young (23552K), 0 survivors (0K)
 Metaspace       used 1118K, committed 1216K, reserved 393216K
  class space    used 80K, committed 128K, reserved 327680K
}
Event: 1.206 GC heap after
{Heap after GC invocations=1 (full 0):
 garbage-first heap   total 262144K, used 10293K [0x00000000e0000000, 0x0000000100000000)
  region size 1024K, 3 young (3072K), 3 survivors (3072K)
 Metaspace       used 1118K, committed 1216K, reserved 393216K
  class space    used 80K, committed 128K, reserved 327680K
}
Event: 3.479 GC heap before
{Heap before GC invocations=1 (full 0):
 garbage-first heap   total 262144K, used 41013K [0x00000000e0000000, 0x0000000100000000)
  region size 1024K, 33 young (33792K), 3 survivors (3072K)
 Metaspace       used 4293K, committed 4480K, reserved 393216K
  class space    used 546K, committed 640K, reserved 327680K
}
Event: 3.487 GC heap after
{Heap after GC invocations=2 (full 0):
 garbage-first heap   total 262144K, used 11999K [0x00000000e0000000, 0x0000000100000000)
  region size 1024K, 2 young (2048K), 2 survivors (2048K)
 Metaspace       used 4293K, committed 4480K, reserved 393216K
  class space    used 546K, committed 640K, reserved 327680K
}
Event: 16.239 GC heap before
{Heap before GC invocations=2 (full 0):
 garbage-first heap   total 262144K, used 144095K [0x00000000e0000000, 0x0000000100000000)
  region size 1024K, 130 young (133120K), 2 survivors (2048K)
 Metaspace       used 20780K, committed 21504K, reserved 393216K
  class space    used 3064K, committed 3456K, reserved 327680K
}
Event: 16.257 GC heap after
{Heap after GC invocations=3 (full 0):
 garbage-first heap   total 262144K, used 24910K [0x00000000e0000000, 0x0000000100000000)
  region size 1024K, 14 young (14336K), 14 survivors (14336K)
 Metaspace       used 20780K, committed 21504K, reserved 393216K
  class space    used 3064K, committed 3456K, reserved 327680K
}
Event: 26.510 GC heap before
{Heap before GC invocations=4 (full 0):
 garbage-first heap   total 262144K, used 166222K [0x00000000e0000000, 0x0000000100000000)
  region size 1024K, 153 young (156672K), 14 survivors (14336K)
 Metaspace       used 34750K, committed 35968K, reserved 393216K
  class space    used 5228K, committed 5824K, reserved 327680K
}
Event: 26.532 GC heap after
{Heap after GC invocations=5 (full 0):
 garbage-first heap   total 262144K, used 34259K [0x00000000e0000000, 0x0000000100000000)
  region size 1024K, 10 young (10240K), 10 survivors (10240K)
 Metaspace       used 34750K, committed 35968K, reserved 393216K
  class space    used 5228K, committed 5824K, reserved 327680K
}
Event: 27.241 GC heap before
{Heap before GC invocations=5 (full 0):
 garbage-first heap   total 262144K, used 96723K [0x00000000e0000000, 0x0000000100000000)
  region size 1024K, 72 young (73728K), 10 survivors (10240K)
 Metaspace       used 34802K, committed 35968K, reserved 393216K
  class space    used 5232K, committed 5824K, reserved 327680K
}
Event: 27.254 GC heap after
{Heap after GC invocations=6 (full 0):
 garbage-first heap   total 262144K, used 37754K [0x00000000e0000000, 0x0000000100000000)
  region size 1024K, 13 young (13312K), 13 survivors (13312K)
 Metaspace       used 34802K, committed 35968K, reserved 393216K
  class space    used 5232K, committed 5824K, reserved 327680K
}
Event: 28.554 GC heap before
{Heap before GC invocations=6 (full 0):
 garbage-first heap   total 262144K, used 92026K [0x00000000e0000000, 0x0000000100000000)
  region size 1024K, 67 young (68608K), 13 survivors (13312K)
 Metaspace       used 35117K, committed 36288K, reserved 393216K
  class space    used 5271K, committed 5824K, reserved 327680K
}
Event: 28.572 GC heap after
{Heap after GC invocations=7 (full 0):
 garbage-first heap   total 262144K, used 40605K [0x00000000e0000000, 0x0000000100000000)
  region size 1024K, 8 young (8192K), 8 survivors (8192K)
 Metaspace       used 35117K, committed 36288K, reserved 393216K
  class space    used 5271K, committed 5824K, reserved 327680K
}
Event: 44.449 GC heap before
{Heap before GC invocations=8 (full 0):
 garbage-first heap   total 262144K, used 196253K [0x00000000e0000000, 0x0000000100000000)
  region size 1024K, 153 young (156672K), 8 survivors (8192K)
 Metaspace       used 48671K, committed 50048K, reserved 393216K
  class space    used 6924K, committed 7616K, reserved 327680K
}
Event: 44.468 GC heap after
{Heap after GC invocations=9 (full 0):
 garbage-first heap   total 262144K, used 49708K [0x00000000e0000000, 0x0000000100000000)
  region size 1024K, 17 young (17408K), 17 survivors (17408K)
 Metaspace       used 48671K, committed 50048K, reserved 393216K
  class space    used 6924K, committed 7616K, reserved 327680K
}
Event: 53.667 GC heap before
{Heap before GC invocations=9 (full 0):
 garbage-first heap   total 262144K, used 158252K [0x00000000e0000000, 0x0000000100000000)
  region size 1024K, 125 young (128000K), 17 survivors (17408K)
 Metaspace       used 59063K, committed 60608K, reserved 393216K
  class space    used 8442K, committed 9216K, reserved 327680K
}
Event: 53.693 GC heap after
{Heap after GC invocations=10 (full 0):
 garbage-first heap   total 262144K, used 56535K [0x00000000e0000000, 0x0000000100000000)
  region size 1024K, 17 young (17408K), 17 survivors (17408K)
 Metaspace       used 59063K, committed 60608K, reserved 393216K
  class space    used 8442K, committed 9216K, reserved 327680K
}
Event: 55.009 GC heap before
{Heap before GC invocations=10 (full 0):
 garbage-first heap   total 262144K, used 58583K [0x00000000e0000000, 0x0000000100000000)
  region size 1024K, 20 young (20480K), 17 survivors (17408K)
 Metaspace       used 59386K, committed 60928K, reserved 393216K
  class space    used 8478K, committed 9216K, reserved 327680K
}
Event: 55.032 GC heap after
{Heap after GC invocations=11 (full 0):
 garbage-first heap   total 262144K, used 57205K [0x00000000e0000000, 0x0000000100000000)
  region size 1024K, 9 young (9216K), 9 survivors (9216K)
 Metaspace       used 59386K, committed 60928K, reserved 393216K
  class space    used 8478K, committed 9216K, reserved 327680K
}

