# JRE version: OpenJDK Runtime Environment Microsoft-13877129 (17.0.19+10) (build 17.0.19+10-LTS)
# Java VM: OpenJDK 64-Bit Server VM Microsoft-13877129 (17.0.19+10-LTS, mixed mode, sharing, tiered, compressed oops, compressed class ptrs, g1 gc, windows-amd64)
GC Precious Log:
 CPUs: 12 total, 12 available
 Memory: 5989M
 Large Page Support: Disabled
 NUMA Support: Disabled
 Compressed Oops: Enabled (32-bit)
 Heap Region Size: 1M
 Heap Min Capacity: 8M
 Heap Initial Capacity: 94M
 Heap Max Capacity: 1G
 Pre-touch: Disabled
 Parallel Workers: 10
 Concurrent Workers: 3
 Concurrent Refinement Workers: 10
 Periodic GC: Disabled
Heap:
 garbage-first heap   total 150528K, used 76433K [0x00000000c0000000, 0x0000000100000000)
  region size 1024K, 16 young (16384K), 1 survivors (1024K)
 Metaspace       used 66945K, committed 67776K, reserved 491520K
  class space    used 9553K, committed 9920K, reserved 425984K
GC Heap History (20 events):
Event: 121.328 GC heap before
{Heap before GC invocations=20 (full 0):
 garbage-first heap   total 89088K, used 54819K [0x00000000c0000000, 0x0000000100000000)
  region size 1024K, 5 young (5120K), 4 survivors (4096K)
 Metaspace       used 53781K, committed 54528K, reserved 491520K
  class space    used 7673K, committed 8064K, reserved 425984K
}
Event: 121.335 GC heap after
{Heap after GC invocations=21 (full 0):
 garbage-first heap   total 89088K, used 54172K [0x00000000c0000000, 0x0000000100000000)
  region size 1024K, 1 young (1024K), 1 survivors (1024K)
 Metaspace       used 53781K, committed 54528K, reserved 491520K
  class space    used 7673K, committed 8064K, reserved 425984K
}
Event: 124.614 GC heap before
{Heap before GC invocations=21 (full 0):
 garbage-first heap   total 89088K, used 72604K [0x00000000c0000000, 0x0000000100000000)
  region size 1024K, 20 young (20480K), 1 survivors (1024K)
 Metaspace       used 55918K, committed 56704K, reserved 491520K
  class space    used 7975K, committed 8320K, reserved 425984K
}
Event: 124.619 GC heap after
{Heap after GC invocations=22 (full 0):
 garbage-first heap   total 89088K, used 54840K [0x00000000c0000000, 0x0000000100000000)
  region size 1024K, 1 young (1024K), 1 survivors (1024K)
 Metaspace       used 55918K, committed 56704K, reserved 491520K
  class space    used 7975K, committed 8320K, reserved 425984K
}
Event: 126.222 GC heap before
{Heap before GC invocations=23 (full 0):
 garbage-first heap   total 94208K, used 73272K [0x00000000c0000000, 0x0000000100000000)
  region size 1024K, 19 young (19456K), 1 survivors (1024K)
 Metaspace       used 57071K, committed 57792K, reserved 491520K
  class space    used 8126K, committed 8448K, reserved 425984K
}
Event: 126.227 GC heap after
{Heap after GC invocations=24 (full 0):
 garbage-first heap   total 94208K, used 56082K [0x00000000c0000000, 0x0000000100000000)
  region size 1024K, 3 young (3072K), 3 survivors (3072K)
 Metaspace       used 57071K, committed 57792K, reserved 491520K
  class space    used 8126K, committed 8448K, reserved 425984K
}
Event: 126.388 GC heap before
{Heap before GC invocations=24 (full 0):
 garbage-first heap   total 94208K, used 57106K [0x00000000c0000000, 0x0000000100000000)
  region size 1024K, 4 young (4096K), 3 survivors (3072K)
 Metaspace       used 57127K, committed 57920K, reserved 491520K
  class space    used 8136K, committed 8512K, reserved 425984K
}
Event: 126.394 GC heap after
{Heap after GC invocations=25 (full 0):
 garbage-first heap   total 94208K, used 55747K [0x00000000c0000000, 0x0000000100000000)
  region size 1024K, 1 young (1024K), 1 survivors (1024K)
 Metaspace       used 57127K, committed 57920K, reserved 491520K
  class space    used 8136K, committed 8512K, reserved 425984K
}
Event: 127.257 GC heap before
{Heap before GC invocations=25 (full 0):
 garbage-first heap   total 94208K, used 76227K [0x00000000c0000000, 0x0000000100000000)
  region size 1024K, 22 young (22528K), 1 survivors (1024K)
 Metaspace       used 58580K, committed 59328K, reserved 491520K
  class space    used 8352K, committed 8704K, reserved 425984K
}
Event: 127.261 GC heap after
{Heap after GC invocations=26 (full 0):
 garbage-first heap   total 94208K, used 55967K [0x00000000c0000000, 0x0000000100000000)
  region size 1024K, 1 young (1024K), 1 survivors (1024K)
 Metaspace       used 58580K, committed 59328K, reserved 491520K
  class space    used 8352K, committed 8704K, reserved 425984K
}
Event: 128.401 GC heap before
{Heap before GC invocations=27 (full 0):
 garbage-first heap   total 97280K, used 78495K [0x00000000c0000000, 0x0000000100000000)
  region size 1024K, 23 young (23552K), 1 survivors (1024K)
 Metaspace       used 60473K, committed 61312K, reserved 491520K
  class space    used 8678K, committed 9088K, reserved 425984K
}
Event: 128.405 GC heap after
{Heap after GC invocations=28 (full 0):
 garbage-first heap   total 97280K, used 56682K [0x00000000c0000000, 0x0000000100000000)
  region size 1024K, 2 young (2048K), 2 survivors (2048K)
 Metaspace       used 60473K, committed 61312K, reserved 491520K
  class space    used 8678K, committed 9088K, reserved 425984K
}
Event: 128.479 GC heap before
{Heap before GC invocations=28 (full 0):
 garbage-first heap   total 97280K, used 57706K [0x00000000c0000000, 0x0000000100000000)
  region size 1024K, 4 young (4096K), 2 survivors (2048K)
 Metaspace       used 60575K, committed 61440K, reserved 491520K
  class space    used 8695K, committed 9088K, reserved 425984K
}
Event: 128.485 GC heap after
{Heap after GC invocations=29 (full 0):
 garbage-first heap   total 97280K, used 56369K [0x00000000c0000000, 0x0000000100000000)
  region size 1024K, 1 young (1024K), 1 survivors (1024K)
 Metaspace       used 60575K, committed 61440K, reserved 491520K
  class space    used 8695K, committed 9088K, reserved 425984K
}
Event: 129.518 GC heap before
{Heap before GC invocations=29 (full 0):
 garbage-first heap   total 97280K, used 80945K [0x00000000c0000000, 0x0000000100000000)
  region size 1024K, 25 young (25600K), 1 survivors (1024K)
 Metaspace       used 62383K, committed 63168K, reserved 491520K
  class space    used 8917K, committed 9280K, reserved 425984K
}
Event: 129.524 GC heap after
{Heap after GC invocations=30 (full 0):
 garbage-first heap   total 150528K, used 57054K [0x00000000c0000000, 0x0000000100000000)
  region size 1024K, 1 young (1024K), 1 survivors (1024K)
 Metaspace       used 62383K, committed 63168K, reserved 491520K
  class space    used 8917K, committed 9280K, reserved 425984K
}
Event: 134.172 GC heap before
{Heap before GC invocations=31 (full 0):
 garbage-first heap   total 150528K, used 117470K [0x00000000c0000000, 0x0000000100000000)
  region size 1024K, 60 young (61440K), 1 survivors (1024K)
 Metaspace       used 65877K, committed 66688K, reserved 491520K
  class space    used 9406K, committed 9792K, reserved 425984K
}
Event: 134.181 GC heap after
{Heap after GC invocations=32 (full 0):
 garbage-first heap   total 150528K, used 62032K [0x00000000c0000000, 0x0000000100000000)
  region size 1024K, 6 young (6144K), 6 survivors (6144K)
 Metaspace       used 65877K, committed 66688K, reserved 491520K
  class space    used 9406K, committed 9792K, reserved 425984K
}
Event: 134.342 GC heap before
{Heap before GC invocations=32 (full 0):
 garbage-first heap   total 150528K, used 62032K [0x00000000c0000000, 0x0000000100000000)
  region size 1024K, 7 young (7168K), 6 survivors (6144K)
 Metaspace       used 66020K, committed 66816K, reserved 491520K
  class space    used 9428K, committed 9792K, reserved 425984K
}
Event: 134.354 GC heap after
{Heap after GC invocations=33 (full 0):
 garbage-first heap   total 150528K, used 62097K [0x00000000c0000000, 0x0000000100000000)
  region size 1024K, 1 young (1024K), 1 survivors (1024K)
 Metaspace       used 66020K, committed 66816K, reserved 491520K
  class space    used 9428K, committed 9792K, reserved 425984K
}

