# JRE version: OpenJDK Runtime Environment Microsoft-13877129 (17.0.19+10) (build 17.0.19+10-LTS)
# Java VM: OpenJDK 64-Bit Server VM Microsoft-13877129 (17.0.19+10-LTS, mixed mode, sharing, tiered, compressed oops, compressed class ptrs, g1 gc, windows-amd64)
GC Precious Log:
 CPUs: 12 total, 12 available
 Memory: 5989M
 Large Page Support: Disabled
 NUMA Support: Disabled
 Compressed Oops: Enabled (32-bit)
 Heap Region Size: 1M
 Heap Min Capacity: 8M
 Heap Initial Capacity: 94M
 Heap Max Capacity: 1536M
 Pre-touch: Disabled
 Parallel Workers: 10
 Concurrent Workers: 3
 Concurrent Refinement Workers: 10
 Periodic GC: Disabled
Heap:
 garbage-first heap   total 130048K, used 98124K [0x00000000a0000000, 0x0000000100000000)
  region size 1024K, 8 young (8192K), 3 survivors (3072K)
 Metaspace       used 74740K, committed 75840K, reserved 393216K
  class space    used 10661K, committed 11200K, reserved 327680K
GC Heap History (20 events):
Event: 117.818 GC heap before
{Heap before GC invocations=32 (full 0):
 garbage-first heap   total 119808K, used 90687K [0x00000000a0000000, 0x0000000100000000)
  region size 1024K, 25 young (25600K), 4 survivors (4096K)
 Metaspace       used 73818K, committed 74880K, reserved 393216K
  class space    used 10627K, committed 11136K, reserved 327680K
}
Event: 117.824 GC heap after
{Heap after GC invocations=33 (full 0):
 garbage-first heap   total 119808K, used 73466K [0x00000000a0000000, 0x0000000100000000)
  region size 1024K, 4 young (4096K), 4 survivors (4096K)
 Metaspace       used 73818K, committed 74880K, reserved 393216K
  class space    used 10627K, committed 11136K, reserved 327680K
}
Event: 117.842 GC heap before
{Heap before GC invocations=33 (full 0):
 garbage-first heap   total 119808K, used 74490K [0x00000000a0000000, 0x0000000100000000)
  region size 1024K, 5 young (5120K), 4 survivors (4096K)
 Metaspace       used 73825K, committed 74880K, reserved 393216K
  class space    used 10628K, committed 11136K, reserved 327680K
}
Event: 117.849 GC heap after
{Heap after GC invocations=34 (full 0):
 garbage-first heap   total 119808K, used 73053K [0x00000000a0000000, 0x0000000100000000)
  region size 1024K, 1 young (1024K), 1 survivors (1024K)
 Metaspace       used 73825K, committed 74880K, reserved 393216K
  class space    used 10628K, committed 11136K, reserved 327680K
}
Event: 120.922 GC heap before
{Heap before GC invocations=34 (full 0):
 garbage-first heap   total 119808K, used 96605K [0x00000000a0000000, 0x0000000100000000)
  region size 1024K, 25 young (25600K), 1 survivors (1024K)
 Metaspace       used 74444K, committed 75456K, reserved 393216K
  class space    used 10655K, committed 11136K, reserved 327680K
}
Event: 120.929 GC heap after
{Heap after GC invocations=35 (full 0):
 garbage-first heap   total 119808K, used 76271K [0x00000000a0000000, 0x0000000100000000)
  region size 1024K, 4 young (4096K), 4 survivors (4096K)
 Metaspace       used 74444K, committed 75456K, reserved 393216K
  class space    used 10655K, committed 11136K, reserved 327680K
}
Event: 124.944 GC heap before
{Heap before GC invocations=36 (full 0):
 garbage-first heap   total 130048K, used 96751K [0x00000000a0000000, 0x0000000100000000)
  region size 1024K, 25 young (25600K), 4 survivors (4096K)
 Metaspace       used 74602K, committed 75648K, reserved 393216K
  class space    used 10656K, committed 11136K, reserved 327680K
}
Event: 124.951 GC heap after
{Heap after GC invocations=37 (full 0):
 garbage-first heap   total 130048K, used 78324K [0x00000000a0000000, 0x0000000100000000)
  region size 1024K, 3 young (3072K), 3 survivors (3072K)
 Metaspace       used 74602K, committed 75648K, reserved 393216K
  class space    used 10656K, committed 11136K, reserved 327680K
}
Event: 125.434 GC heap before
{Heap before GC invocations=37 (full 0):
 garbage-first heap   total 130048K, used 80372K [0x00000000a0000000, 0x0000000100000000)
  region size 1024K, 6 young (6144K), 3 survivors (3072K)
 Metaspace       used 74611K, committed 75648K, reserved 393216K
  class space    used 10656K, committed 11136K, reserved 327680K
}
Event: 125.440 GC heap after
{Heap after GC invocations=38 (full 0):
 garbage-first heap   total 130048K, used 77965K [0x00000000a0000000, 0x0000000100000000)
  region size 1024K, 1 young (1024K), 1 survivors (1024K)
 Metaspace       used 74611K, committed 75648K, reserved 393216K
  class space    used 10656K, committed 11136K, reserved 327680K
}
Event: 140.284 GC heap before
{Heap before GC invocations=38 (full 0):
 garbage-first heap   total 130048K, used 104589K [0x00000000a0000000, 0x0000000100000000)
  region size 1024K, 28 young (28672K), 1 survivors (1024K)
 Metaspace       used 74665K, committed 75712K, reserved 393216K
  class space    used 10656K, committed 11136K, reserved 327680K
}
Event: 140.307 GC heap after
{Heap after GC invocations=39 (full 0):
 garbage-first heap   total 130048K, used 80355K [0x00000000a0000000, 0x0000000100000000)
  region size 1024K, 3 young (3072K), 3 survivors (3072K)
 Metaspace       used 74665K, committed 75712K, reserved 393216K
  class space    used 10656K, committed 11136K, reserved 327680K
}
Event: 145.798 GC heap before
{Heap before GC invocations=39 (full 0):
 garbage-first heap   total 130048K, used 106979K [0x00000000a0000000, 0x0000000100000000)
  region size 1024K, 29 young (29696K), 3 survivors (3072K)
 Metaspace       used 74677K, committed 75712K, reserved 393216K
  class space    used 10657K, committed 11136K, reserved 327680K
}
Event: 145.804 GC heap after
{Heap after GC invocations=40 (full 0):
 garbage-first heap   total 130048K, used 83073K [0x00000000a0000000, 0x0000000100000000)
  region size 1024K, 4 young (4096K), 4 survivors (4096K)
 Metaspace       used 74677K, committed 75712K, reserved 393216K
  class space    used 10657K, committed 11136K, reserved 327680K
}
Event: 149.423 GC heap before
{Heap before GC invocations=40 (full 0):
 garbage-first heap   total 130048K, used 105601K [0x00000000a0000000, 0x0000000100000000)
  region size 1024K, 27 young (27648K), 4 survivors (4096K)
 Metaspace       used 74682K, committed 75712K, reserved 393216K
  class space    used 10657K, committed 11136K, reserved 327680K
}
Event: 149.432 GC heap after
{Heap after GC invocations=41 (full 0):
 garbage-first heap   total 130048K, used 84877K [0x00000000a0000000, 0x0000000100000000)
  region size 1024K, 4 young (4096K), 4 survivors (4096K)
 Metaspace       used 74682K, committed 75712K, reserved 393216K
  class space    used 10657K, committed 11136K, reserved 327680K
}
Event: 152.530 GC heap before
{Heap before GC invocations=41 (full 0):
 garbage-first heap   total 130048K, used 105357K [0x00000000a0000000, 0x0000000100000000)
  region size 1024K, 25 young (25600K), 4 survivors (4096K)
 Metaspace       used 74682K, committed 75712K, reserved 393216K
  class space    used 10657K, committed 11136K, reserved 327680K
}
Event: 152.546 GC heap after
{Heap after GC invocations=42 (full 0):
 garbage-first heap   total 130048K, used 86390K [0x00000000a0000000, 0x0000000100000000)
  region size 1024K, 3 young (3072K), 3 survivors (3072K)
 Metaspace       used 74682K, committed 75712K, reserved 393216K
  class space    used 10657K, committed 11136K, reserved 327680K
}
Event: 156.330 GC heap before
{Heap before GC invocations=42 (full 0):
 garbage-first heap   total 130048K, used 110966K [0x00000000a0000000, 0x0000000100000000)
  region size 1024K, 23 young (23552K), 3 survivors (3072K)
 Metaspace       used 74709K, committed 75776K, reserved 393216K
  class space    used 10659K, committed 11200K, reserved 327680K
}
Event: 156.343 GC heap after
{Heap after GC invocations=43 (full 0):
 garbage-first heap   total 130048K, used 94028K [0x00000000a0000000, 0x0000000100000000)
  region size 1024K, 3 young (3072K), 3 survivors (3072K)
 Metaspace       used 74709K, committed 75776K, reserved 393216K
  class space    used 10659K, committed 11200K, reserved 327680K
}

