# JRE version: OpenJDK Runtime Environment Microsoft-13877129 (17.0.19+10) (build 17.0.19+10-LTS)
# Java VM: OpenJDK 64-Bit Server VM Microsoft-13877129 (17.0.19+10-LTS, mixed mode, sharing, tiered, compressed oops, compressed class ptrs, g1 gc, windows-amd64)
GC Precious Log:
 CPUs: 12 total, 12 available
 Memory: 5989M
 Large Page Support: Disabled
 NUMA Support: Disabled
 Compressed Oops: Enabled (Zero based)
 Heap Region Size: 2M
 Heap Min Capacity: 8M
 Heap Initial Capacity: 94M
 Heap Max Capacity: 4G
 Pre-touch: Disabled
 Parallel Workers: 10
 Concurrent Workers: 3
 Concurrent Refinement Workers: 10
 Periodic GC: Disabled
Heap:
 garbage-first heap   total 573440K, used 391410K [0x0000000700000000, 0x0000000800000000)
  region size 2048K, 2 young (4096K), 2 survivors (4096K)
 Metaspace       used 156381K, committed 158080K, reserved 1048576K
  class space    used 21101K, committed 21952K, reserved 851968K
GC Heap History (20 events):
Event: 391.712 GC heap after
{Heap after GC invocations=108 (full 0):
 garbage-first heap   total 329728K, used 247363K [0x0000000700000000, 0x0000000800000000)
  region size 2048K, 2 young (4096K), 2 survivors (4096K)
 Metaspace       used 155249K, committed 156992K, reserved 1048576K
  class space    used 20878K, committed 21760K, reserved 851968K
}
Event: 398.950 GC heap before
{Heap before GC invocations=108 (full 0):
 garbage-first heap   total 329728K, used 284227K [0x0000000700000000, 0x0000000800000000)
  region size 2048K, 21 young (43008K), 2 survivors (4096K)
 Metaspace       used 155268K, committed 156992K, reserved 1048576K
  class space    used 20878K, committed 21760K, reserved 851968K
}
Event: 398.978 GC heap after
{Heap after GC invocations=109 (full 0):
 garbage-first heap   total 329728K, used 250040K [0x0000000700000000, 0x0000000800000000)
  region size 2048K, 3 young (6144K), 3 survivors (6144K)
 Metaspace       used 155268K, committed 156992K, reserved 1048576K
  class space    used 20878K, committed 21760K, reserved 851968K
}
Event: 402.099 GC heap before
{Heap before GC invocations=109 (full 0):
 garbage-first heap   total 329728K, used 286904K [0x0000000700000000, 0x0000000800000000)
  region size 2048K, 21 young (43008K), 3 survivors (6144K)
 Metaspace       used 155276K, committed 156992K, reserved 1048576K
  class space    used 20879K, committed 21760K, reserved 851968K
}
Event: 402.192 GC heap after
{Heap after GC invocations=110 (full 0):
 garbage-first heap   total 329728K, used 252304K [0x0000000700000000, 0x0000000800000000)
  region size 2048K, 3 young (6144K), 3 survivors (6144K)
 Metaspace       used 155276K, committed 156992K, reserved 1048576K
  class space    used 20879K, committed 21760K, reserved 851968K
}
Event: 407.825 GC heap before
{Heap before GC invocations=110 (full 0):
 garbage-first heap   total 329728K, used 285072K [0x0000000700000000, 0x0000000800000000)
  region size 2048K, 15 young (30720K), 3 survivors (6144K)
 Metaspace       used 155706K, committed 157504K, reserved 1048576K
  class space    used 20930K, committed 21824K, reserved 851968K
}
Event: 407.917 GC heap after
{Heap after GC invocations=111 (full 0):
 garbage-first heap   total 329728K, used 272118K [0x0000000700000000, 0x0000000800000000)
  region size 2048K, 3 young (6144K), 3 survivors (6144K)
 Metaspace       used 155706K, committed 157504K, reserved 1048576K
  class space    used 20930K, committed 21824K, reserved 851968K
}
Event: 411.909 GC heap before
{Heap before GC invocations=111 (full 0):
 garbage-first heap   total 329728K, used 292598K [0x0000000700000000, 0x0000000800000000)
  region size 2048K, 8 young (16384K), 3 survivors (6144K)
 Metaspace       used 156036K, committed 157760K, reserved 1048576K
  class space    used 20992K, committed 21824K, reserved 851968K
}
Event: 411.954 GC heap after
{Heap after GC invocations=112 (full 0):
 garbage-first heap   total 397312K, used 287755K [0x0000000700000000, 0x0000000800000000)
  region size 2048K, 1 young (2048K), 1 survivors (2048K)
 Metaspace       used 156036K, committed 157760K, reserved 1048576K
  class space    used 20992K, committed 21824K, reserved 851968K
}
Event: 412.782 GC heap before
{Heap before GC invocations=112 (full 0):
 garbage-first heap   total 397312K, used 381963K [0x0000000700000000, 0x0000000800000000)
  region size 2048K, 25 young (51200K), 1 survivors (2048K)
 Metaspace       used 156326K, committed 158080K, reserved 1048576K
  class space    used 21008K, committed 21888K, reserved 851968K
}
Event: 413.049 GC heap after
{Heap after GC invocations=113 (full 0):
 garbage-first heap   total 405504K, used 326737K [0x0000000700000000, 0x0000000800000000)
  region size 2048K, 4 young (8192K), 4 survivors (8192K)
 Metaspace       used 156326K, committed 158080K, reserved 1048576K
  class space    used 21008K, committed 21888K, reserved 851968K
}
Event: 416.364 GC heap before
{Heap before GC invocations=113 (full 0):
 garbage-first heap   total 573440K, used 347217K [0x0000000700000000, 0x0000000800000000)
  region size 2048K, 14 young (28672K), 4 survivors (8192K)
 Metaspace       used 155874K, committed 157888K, reserved 1048576K
  class space    used 20979K, committed 21888K, reserved 851968K
}
Event: 416.403 GC heap after
{Heap after GC invocations=114 (full 0):
 garbage-first heap   total 573440K, used 335273K [0x0000000700000000, 0x0000000800000000)
  region size 2048K, 2 young (4096K), 2 survivors (4096K)
 Metaspace       used 155874K, committed 157888K, reserved 1048576K
  class space    used 20979K, committed 21888K, reserved 851968K
}
Event: 418.175 GC heap before
{Heap before GC invocations=115 (full 0):
 garbage-first heap   total 573440K, used 415145K [0x0000000700000000, 0x0000000800000000)
  region size 2048K, 39 young (79872K), 2 survivors (4096K)
 Metaspace       used 155883K, committed 157888K, reserved 1048576K
  class space    used 20981K, committed 21888K, reserved 851968K
}
Event: 418.383 GC heap after
{Heap after GC invocations=116 (full 0):
 garbage-first heap   total 573440K, used 369837K [0x0000000700000000, 0x0000000800000000)
  region size 2048K, 5 young (10240K), 5 survivors (10240K)
 Metaspace       used 155883K, committed 157888K, reserved 1048576K
  class space    used 20981K, committed 21888K, reserved 851968K
}
Event: 419.120 GC heap before
{Heap before GC invocations=116 (full 0):
 garbage-first heap   total 573440K, used 388269K [0x0000000700000000, 0x0000000800000000)
  region size 2048K, 14 young (28672K), 5 survivors (10240K)
 Metaspace       used 156349K, committed 158016K, reserved 1048576K
  class space    used 21100K, committed 21952K, reserved 851968K
}
Event: 419.163 GC heap after
{Heap after GC invocations=117 (full 0):
 garbage-first heap   total 573440K, used 375736K [0x0000000700000000, 0x0000000800000000)
  region size 2048K, 2 young (4096K), 2 survivors (4096K)
 Metaspace       used 156349K, committed 158016K, reserved 1048576K
  class space    used 21100K, committed 21952K, reserved 851968K
}
Event: 419.292 GC heap before
{Heap before GC invocations=117 (full 0):
 garbage-first heap   total 573440K, used 400312K [0x0000000700000000, 0x0000000800000000)
  region size 2048K, 14 young (28672K), 2 survivors (4096K)
 Metaspace       used 156361K, committed 158080K, reserved 1048576K
  class space    used 21100K, committed 21952K, reserved 851968K
}
Event: 419.496 GC heap after
{Heap after GC invocations=118 (full 0):
 garbage-first heap   total 573440K, used 382100K [0x0000000700000000, 0x0000000800000000)
  region size 2048K, 2 young (4096K), 2 survivors (4096K)
 Metaspace       used 156361K, committed 158080K, reserved 1048576K
  class space    used 21100K, committed 21952K, reserved 851968K
}
Event: 419.636 GC heap before
{Heap before GC invocations=118 (full 0):
 garbage-first heap   total 573440K, used 406676K [0x0000000700000000, 0x0000000800000000)
  region size 2048K, 14 young (28672K), 2 survivors (4096K)
 Metaspace       used 156381K, committed 158080K, reserved 1048576K
  class space    used 21101K, committed 21952K, reserved 851968K
}

