# JRE version: OpenJDK Runtime Environment Microsoft-13877129 (17.0.19+10) (build 17.0.19+10-LTS)
# Java VM: OpenJDK 64-Bit Server VM Microsoft-13877129 (17.0.19+10-LTS, mixed mode, sharing, tiered, compressed oops, compressed class ptrs, g1 gc, windows-amd64)
GC Precious Log:
 CPUs: 12 total, 12 available
 Memory: 5989M
 Large Page Support: Disabled
 NUMA Support: Disabled
 Compressed Oops: Enabled (Zero based)
 Heap Region Size: 2M
 Heap Min Capacity: 8M
 Heap Initial Capacity: 94M
 Heap Max Capacity: 4G
 Pre-touch: Disabled
 Parallel Workers: 10
 Concurrent Workers: 3
 Concurrent Refinement Workers: 10
 Periodic GC: Disabled
Heap:
 garbage-first heap   total 915456K, used 486912K [0x0000000700000000, 0x0000000800000000)
  region size 2048K, 3 young (6144K), 3 survivors (6144K)
 Metaspace       used 177443K, committed 179072K, reserved 622592K
  class space    used 23221K, committed 24000K, reserved 425984K
GC Heap History (20 events):
Event: 999.400 GC heap after
{Heap after GC invocations=145 (full 0):
 garbage-first heap   total 886784K, used 353359K [0x0000000700000000, 0x0000000800000000)
  region size 2048K, 9 young (18432K), 9 survivors (18432K)
 Metaspace       used 174621K, committed 176256K, reserved 622592K
  class space    used 22841K, committed 23616K, reserved 425984K
}
Event: 1001.076 GC heap before
{Heap before GC invocations=145 (full 0):
 garbage-first heap   total 886784K, used 758863K [0x0000000700000000, 0x0000000800000000)
  region size 2048K, 207 young (423936K), 9 survivors (18432K)
 Metaspace       used 174622K, committed 176256K, reserved 622592K
  class space    used 22841K, committed 23616K, reserved 425984K
}
Event: 1001.098 GC heap after
{Heap after GC invocations=146 (full 0):
 garbage-first heap   total 886784K, used 354856K [0x0000000700000000, 0x0000000800000000)
  region size 2048K, 10 young (20480K), 10 survivors (20480K)
 Metaspace       used 174622K, committed 176256K, reserved 622592K
  class space    used 22841K, committed 23616K, reserved 425984K
}
Event: 1003.142 GC heap before
{Heap before GC invocations=146 (full 0):
 garbage-first heap   total 886784K, used 764456K [0x0000000700000000, 0x0000000800000000)
  region size 2048K, 210 young (430080K), 10 survivors (20480K)
 Metaspace       used 174632K, committed 176256K, reserved 622592K
  class space    used 22841K, committed 23616K, reserved 425984K
}
Event: 1003.171 GC heap after
{Heap after GC invocations=147 (full 0):
 garbage-first heap   total 886784K, used 361079K [0x0000000700000000, 0x0000000800000000)
  region size 2048K, 13 young (26624K), 13 survivors (26624K)
 Metaspace       used 174632K, committed 176256K, reserved 622592K
  class space    used 22841K, committed 23616K, reserved 425984K
}
Event: 1073.127 GC heap before
{Heap before GC invocations=147 (full 0):
 garbage-first heap   total 886784K, used 815735K [0x0000000700000000, 0x0000000800000000)
  region size 2048K, 211 young (432128K), 13 survivors (26624K)
 Metaspace       used 176674K, committed 178304K, reserved 622592K
  class space    used 23131K, committed 23936K, reserved 425984K
}
Event: 1073.536 GC heap after
{Heap after GC invocations=148 (full 0):
 garbage-first heap   total 886784K, used 402394K [0x0000000700000000, 0x0000000800000000)
  region size 2048K, 19 young (38912K), 19 survivors (38912K)
 Metaspace       used 176674K, committed 178304K, reserved 622592K
  class space    used 23131K, committed 23936K, reserved 425984K
}
Event: 1075.809 GC heap before
{Heap before GC invocations=148 (full 0):
 garbage-first heap   total 886784K, used 453594K [0x0000000700000000, 0x0000000800000000)
  region size 2048K, 31 young (63488K), 19 survivors (38912K)
 Metaspace       used 176776K, committed 178432K, reserved 622592K
  class space    used 23137K, committed 23936K, reserved 425984K
}
Event: 1076.141 GC heap after
{Heap after GC invocations=149 (full 0):
 garbage-first heap   total 886784K, used 421626K [0x0000000700000000, 0x0000000800000000)
  region size 2048K, 4 young (8192K), 4 survivors (8192K)
 Metaspace       used 176776K, committed 178432K, reserved 622592K
  class space    used 23137K, committed 23936K, reserved 425984K
}
Event: 1080.375 GC heap before
{Heap before GC invocations=149 (full 0):
 garbage-first heap   total 886784K, used 747258K [0x0000000700000000, 0x0000000800000000)
  region size 2048K, 161 young (329728K), 4 survivors (8192K)
 Metaspace       used 177335K, committed 179008K, reserved 622592K
  class space    used 23214K, committed 24000K, reserved 425984K
}
Event: 1080.561 GC heap after
{Heap after GC invocations=150 (full 0):
 garbage-first heap   total 886784K, used 552722K [0x0000000700000000, 0x0000000800000000)
  region size 2048K, 21 young (43008K), 21 survivors (43008K)
 Metaspace       used 177335K, committed 179008K, reserved 622592K
  class space    used 23214K, committed 24000K, reserved 425984K
}
Event: 1080.586 GC heap before
{Heap before GC invocations=150 (full 0):
 garbage-first heap   total 886784K, used 554770K [0x0000000700000000, 0x0000000800000000)
  region size 2048K, 22 young (45056K), 21 survivors (43008K)
 Metaspace       used 177335K, committed 179008K, reserved 622592K
  class space    used 23214K, committed 24000K, reserved 425984K
}
Event: 1080.706 GC heap after
{Heap after GC invocations=151 (full 0):
 garbage-first heap   total 886784K, used 565234K [0x0000000700000000, 0x0000000800000000)
  region size 2048K, 3 young (6144K), 3 survivors (6144K)
 Metaspace       used 177335K, committed 179008K, reserved 622592K
  class space    used 23214K, committed 24000K, reserved 425984K
}
Event: 1081.875 GC heap before
{Heap before GC invocations=151 (full 0):
 garbage-first heap   total 886784K, used 661490K [0x0000000700000000, 0x0000000800000000)
  region size 2048K, 50 young (102400K), 3 survivors (6144K)
 Metaspace       used 177358K, committed 179008K, reserved 622592K
  class space    used 23217K, committed 24000K, reserved 425984K
}
Event: 1081.893 GC heap after
{Heap after GC invocations=152 (full 0):
 garbage-first heap   total 886784K, used 575412K [0x0000000700000000, 0x0000000800000000)
  region size 2048K, 7 young (14336K), 7 survivors (14336K)
 Metaspace       used 177358K, committed 179008K, reserved 622592K
  class space    used 23217K, committed 24000K, reserved 425984K
}
Event: 1083.134 GC heap before
{Heap before GC invocations=152 (full 0):
 garbage-first heap   total 886784K, used 671668K [0x0000000700000000, 0x0000000800000000)
  region size 2048K, 51 young (104448K), 7 survivors (14336K)
 Metaspace       used 177362K, committed 179008K, reserved 622592K
  class space    used 23217K, committed 24000K, reserved 425984K
}
Event: 1083.164 GC heap after
{Heap after GC invocations=153 (full 0):
 garbage-first heap   total 886784K, used 588063K [0x0000000700000000, 0x0000000800000000)
  region size 2048K, 4 young (8192K), 4 survivors (8192K)
 Metaspace       used 177362K, committed 179008K, reserved 622592K
  class space    used 23217K, committed 24000K, reserved 425984K
}
Event: 1084.755 GC heap before
{Heap before GC invocations=154 (full 0):
 garbage-first heap   total 915456K, used 610591K [0x0000000700000000, 0x0000000800000000)
  region size 2048K, 57 young (116736K), 4 survivors (8192K)
 Metaspace       used 177442K, committed 179072K, reserved 622592K
  class space    used 23221K, committed 24000K, reserved 425984K
}
Event: 1084.793 GC heap after
{Heap after GC invocations=155 (full 0):
 garbage-first heap   total 915456K, used 518400K [0x0000000700000000, 0x0000000800000000)
  region size 2048K, 8 young (16384K), 8 survivors (16384K)
 Metaspace       used 177442K, committed 179072K, reserved 622592K
  class space    used 23221K, committed 24000K, reserved 425984K
}
Event: 1085.412 GC heap before
{Heap before GC invocations=155 (full 0):
 garbage-first heap   total 915456K, used 551168K [0x0000000700000000, 0x0000000800000000)
  region size 2048K, 22 young (45056K), 8 survivors (16384K)
 Metaspace       used 177443K, committed 179072K, reserved 622592K
  class space    used 23221K, committed 24000K, reserved 425984K
}

