# JRE version: OpenJDK Runtime Environment Microsoft-13877129 (17.0.19+10) (build 17.0.19+10-LTS)
# Java VM: OpenJDK 64-Bit Server VM Microsoft-13877129 (17.0.19+10-LTS, mixed mode, sharing, tiered, compressed oops, compressed class ptrs, g1 gc, windows-amd64)
GC Precious Log:
 CPUs: 12 total, 12 available
 Memory: 5989M
 Large Page Support: Disabled
 NUMA Support: Disabled
 Compressed Oops: Enabled (32-bit)
 Heap Region Size: 1M
 Heap Min Capacity: 8M
 Heap Initial Capacity: 94M
 Heap Max Capacity: 1498M
 Pre-touch: Disabled
 Parallel Workers: 10
 Concurrent Workers: 3
 Concurrent Refinement Workers: 10
 Periodic GC: Disabled
Heap:
 garbage-first heap   total 171008K, used 120363K [0x00000000a2600000, 0x0000000100000000)
  region size 1024K, 59 young (60416K), 9 survivors (9216K)
 Metaspace       used 61527K, committed 61888K, reserved 1114112K
  class space    used 7012K, committed 7168K, reserved 1048576K
GC Heap History (20 events):
Event: 6.654 GC heap before
{Heap before GC invocations=4 (full 0):
 garbage-first heap   total 58368K, used 57758K [0x00000000a2600000, 0x0000000100000000)
  region size 1024K, 45 young (46080K), 4 survivors (4096K)
 Metaspace       used 30198K, committed 30400K, reserved 1114112K
  class space    used 3737K, committed 3840K, reserved 1048576K
}
Event: 6.672 GC heap after
{Heap after GC invocations=5 (full 0):
 garbage-first heap   total 66560K, used 19133K [0x00000000a2600000, 0x0000000100000000)
  region size 1024K, 4 young (4096K), 4 survivors (4096K)
 Metaspace       used 30198K, committed 30400K, reserved 1114112K
  class space    used 3737K, committed 3840K, reserved 1048576K
}
Event: 6.705 GC heap before
{Heap before GC invocations=5 (full 0):
 garbage-first heap   total 66560K, used 20157K [0x00000000a2600000, 0x0000000100000000)
  region size 1024K, 5 young (5120K), 4 survivors (4096K)
 Metaspace       used 30560K, committed 30720K, reserved 1114112K
  class space    used 3766K, committed 3840K, reserved 1048576K
}
Event: 6.714 GC heap after
{Heap after GC invocations=6 (full 0):
 garbage-first heap   total 66560K, used 19462K [0x00000000a2600000, 0x0000000100000000)
  region size 1024K, 1 young (1024K), 1 survivors (1024K)
 Metaspace       used 30560K, committed 30720K, reserved 1114112K
  class space    used 3766K, committed 3840K, reserved 1048576K
}
Event: 7.767 GC heap before
{Heap before GC invocations=6 (full 0):
 garbage-first heap   total 66560K, used 48134K [0x00000000a2600000, 0x0000000100000000)
  region size 1024K, 29 young (29696K), 1 survivors (1024K)
 Metaspace       used 35700K, committed 35904K, reserved 1114112K
  class space    used 4299K, committed 4416K, reserved 1048576K
}
Event: 7.780 GC heap after
{Heap after GC invocations=7 (full 0):
 garbage-first heap   total 110592K, used 22122K [0x00000000a2600000, 0x0000000100000000)
  region size 1024K, 4 young (4096K), 4 survivors (4096K)
 Metaspace       used 35700K, committed 35904K, reserved 1114112K
  class space    used 4299K, committed 4416K, reserved 1048576K
}
Event: 7.825 GC heap before
{Heap before GC invocations=7 (full 0):
 garbage-first heap   total 110592K, used 24170K [0x00000000a2600000, 0x0000000100000000)
  region size 1024K, 7 young (7168K), 4 survivors (4096K)
 Metaspace       used 35776K, committed 35968K, reserved 1114112K
  class space    used 4307K, committed 4416K, reserved 1048576K
}
Event: 7.837 GC heap after
{Heap after GC invocations=8 (full 0):
 garbage-first heap   total 110592K, used 22860K [0x00000000a2600000, 0x0000000100000000)
  region size 1024K, 4 young (4096K), 4 survivors (4096K)
 Metaspace       used 35776K, committed 35968K, reserved 1114112K
  class space    used 4307K, committed 4416K, reserved 1048576K
}
Event: 8.875 GC heap before
{Heap before GC invocations=9 (full 0):
 garbage-first heap   total 81920K, used 68940K [0x00000000a2600000, 0x0000000100000000)
  region size 1024K, 48 young (49152K), 4 survivors (4096K)
 Metaspace       used 38085K, committed 38400K, reserved 1114112K
  class space    used 4536K, committed 4672K, reserved 1048576K
}
Event: 8.906 GC heap after
{Heap after GC invocations=10 (full 0):
 garbage-first heap   total 86016K, used 36200K [0x00000000a2600000, 0x0000000100000000)
  region size 1024K, 6 young (6144K), 6 survivors (6144K)
 Metaspace       used 38085K, committed 38400K, reserved 1114112K
  class space    used 4536K, committed 4672K, reserved 1048576K
}
Event: 8.940 GC heap before
{Heap before GC invocations=10 (full 0):
 garbage-first heap   total 86016K, used 37224K [0x00000000a2600000, 0x0000000100000000)
  region size 1024K, 7 young (7168K), 6 survivors (6144K)
 Metaspace       used 38175K, committed 38464K, reserved 1114112K
  class space    used 4547K, committed 4672K, reserved 1048576K
}
Event: 8.954 GC heap after
{Heap after GC invocations=11 (full 0):
 garbage-first heap   total 86016K, used 37376K [0x00000000a2600000, 0x0000000100000000)
  region size 1024K, 1 young (1024K), 1 survivors (1024K)
 Metaspace       used 38175K, committed 38464K, reserved 1114112K
  class space    used 4547K, committed 4672K, reserved 1048576K
}
Event: 9.793 GC heap before
{Heap before GC invocations=11 (full 0):
 garbage-first heap   total 86016K, used 59904K [0x00000000a2600000, 0x0000000100000000)
  region size 1024K, 24 young (24576K), 1 survivors (1024K)
 Metaspace       used 41763K, committed 42112K, reserved 1114112K
  class space    used 4954K, committed 5120K, reserved 1048576K
}
Event: 9.811 GC heap after
{Heap after GC invocations=12 (full 0):
 garbage-first heap   total 171008K, used 41984K [0x00000000a2600000, 0x0000000100000000)
  region size 1024K, 3 young (3072K), 3 survivors (3072K)
 Metaspace       used 41763K, committed 42112K, reserved 1114112K
  class space    used 4954K, committed 5120K, reserved 1048576K
}
Event: 12.516 GC heap before
{Heap before GC invocations=12 (full 0):
 garbage-first heap   total 171008K, used 98304K [0x00000000a2600000, 0x0000000100000000)
  region size 1024K, 58 young (59392K), 3 survivors (3072K)
 Metaspace       used 50598K, committed 50880K, reserved 1114112K
  class space    used 6073K, committed 6208K, reserved 1048576K
}
Event: 12.534 GC heap after
{Heap after GC invocations=13 (full 0):
 garbage-first heap   total 171008K, used 50068K [0x00000000a2600000, 0x0000000100000000)
  region size 1024K, 8 young (8192K), 8 survivors (8192K)
 Metaspace       used 50598K, committed 50880K, reserved 1114112K
  class space    used 6073K, committed 6208K, reserved 1048576K
}
Event: 15.146 GC heap before
{Heap before GC invocations=13 (full 0):
 garbage-first heap   total 171008K, used 113556K [0x00000000a2600000, 0x0000000100000000)
  region size 1024K, 70 young (71680K), 8 survivors (8192K)
 Metaspace       used 54404K, committed 54720K, reserved 1114112K
  class space    used 6399K, committed 6528K, reserved 1048576K
}
Event: 15.200 GC heap after
{Heap after GC invocations=14 (full 0):
 garbage-first heap   total 171008K, used 60319K [0x00000000a2600000, 0x0000000100000000)
  region size 1024K, 9 young (9216K), 9 survivors (9216K)
 Metaspace       used 54404K, committed 54720K, reserved 1114112K
  class space    used 6399K, committed 6528K, reserved 1048576K
}
Event: 21.635 GC heap before
{Heap before GC invocations=14 (full 0):
 garbage-first heap   total 171008K, used 116639K [0x00000000a2600000, 0x0000000100000000)
  region size 1024K, 65 young (66560K), 9 survivors (9216K)
 Metaspace       used 59891K, committed 60160K, reserved 1114112K
  class space    used 6926K, committed 7040K, reserved 1048576K
}
Event: 21.693 GC heap after
{Heap after GC invocations=15 (full 0):
 garbage-first heap   total 171008K, used 70187K [0x00000000a2600000, 0x0000000100000000)
  region size 1024K, 9 young (9216K), 9 survivors (9216K)
 Metaspace       used 59891K, committed 60160K, reserved 1114112K
  class space    used 6926K, committed 7040K, reserved 1048576K
}

