# JRE version: OpenJDK Runtime Environment Microsoft-13877129 (17.0.19+10) (build 17.0.19+10-LTS)
# Java VM: OpenJDK 64-Bit Server VM Microsoft-13877129 (17.0.19+10-LTS, mixed mode, sharing, tiered, compressed oops, compressed class ptrs, serial gc, windows-amd64)
GC Precious Log:
 CPUs: 12 total, 12 available
 Memory: 5989M
 Large Page Support: Disabled
 NUMA Support: Disabled
 Compressed Oops: Enabled (32-bit)
 Heap Min Capacity: 8M
 Heap Initial Capacity: 94M
 Heap Max Capacity: 2G
 Pre-touch: Disabled
Heap:
 def new generation   total 185600K, used 111697K [0x0000000080000000, 0x000000008c960000, 0x00000000aaaa0000)
  eden space 164992K,  66% used [0x0000000080000000, 0x0000000086b7d788, 0x000000008a120000)
  from space 20608K,   7% used [0x000000008a120000, 0x000000008a2b6d20, 0x000000008b540000)
  to   space 20608K,   0% used [0x000000008b540000, 0x000000008b540000, 0x000000008c960000)
 tenured generation   total 411780K, used 401628K [0x00000000aaaa0000, 0x00000000c3cc1000, 0x0000000100000000)
   the space 411780K,  97% used [0x00000000aaaa0000, 0x00000000c32d7398, 0x00000000c32d7400, 0x00000000c3cc1000)
 Metaspace       used 138145K, committed 139584K, reserved 557056K
  class space    used 19160K, committed 19840K, reserved 425984K
GC Heap History (20 events):
Event: 152.900 GC heap before
{Heap before GC invocations=57 (full 5):
 def new generation   total 101696K, used 100206K [0x0000000080000000, 0x0000000086e50000, 0x00000000aaaa0000)
  eden space 90432K, 100% used [0x0000000080000000, 0x0000000085850000, 0x0000000085850000)
  from space 11264K,  86% used [0x0000000085850000, 0x00000000861db9b8, 0x0000000086350000)
  to   space 11264K,   0% used [0x0000000086350000, 0x0000000086350000, 0x0000000086e50000)
 tenured generation   total 225380K, used 152794K [0x00000000aaaa0000, 0x00000000b86b9000, 0x0000000100000000)
   the space 225380K,  67% used [0x00000000aaaa0000, 0x00000000b3fd6b30, 0x00000000b3fd6c00, 0x00000000b86b9000)
 Metaspace       used 120181K, committed 121664K, reserved 557056K
  class space    used 16613K, committed 17344K, reserved 425984K
}
Event: 152.993 GC heap after
{Heap after GC invocations=58 (full 5):
 def new generation   total 101696K, used 11264K [0x0000000080000000, 0x0000000086e50000, 0x00000000aaaa0000)
  eden space 90432K,   0% used [0x0000000080000000, 0x0000000080000000, 0x0000000085850000)
  from space 11264K, 100% used [0x0000000086350000, 0x0000000086e50000, 0x0000000086e50000)
  to   space 11264K,   0% used [0x0000000085850000, 0x0000000085850000, 0x0000000086350000)
 tenured generation   total 225380K, used 178899K [0x00000000aaaa0000, 0x00000000b86b9000, 0x0000000100000000)
   the space 225380K,  79% used [0x00000000aaaa0000, 0x00000000b5954d30, 0x00000000b5954e00, 0x00000000b86b9000)
 Metaspace       used 120181K, committed 121664K, reserved 557056K
  class space    used 16613K, committed 17344K, reserved 425984K
}
Event: 153.944 GC heap before
{Heap before GC invocations=58 (full 5):
 def new generation   total 101696K, used 101696K [0x0000000080000000, 0x0000000086e50000, 0x00000000aaaa0000)
  eden space 90432K, 100% used [0x0000000080000000, 0x0000000085850000, 0x0000000085850000)
  from space 11264K, 100% used [0x0000000086350000, 0x0000000086e50000, 0x0000000086e50000)
  to   space 11264K,   0% used [0x0000000085850000, 0x0000000085850000, 0x0000000086350000)
 tenured generation   total 225380K, used 178899K [0x00000000aaaa0000, 0x00000000b86b9000, 0x0000000100000000)
   the space 225380K,  79% used [0x00000000aaaa0000, 0x00000000b5954d30, 0x00000000b5954e00, 0x00000000b86b9000)
 Metaspace       used 120521K, committed 121984K, reserved 557056K
  class space    used 16656K, committed 17344K, reserved 425984K
}
Event: 154.136 GC heap after
{Heap after GC invocations=59 (full 5):
 def new generation   total 101696K, used 11264K [0x0000000080000000, 0x0000000086e50000, 0x00000000aaaa0000)
  eden space 90432K,   0% used [0x0000000080000000, 0x0000000080000000, 0x0000000085850000)
  from space 11264K, 100% used [0x0000000085850000, 0x0000000086350000, 0x0000000086350000)
  to   space 11264K,   0% used [0x0000000086350000, 0x0000000086350000, 0x0000000086e50000)
 tenured generation   total 225380K, used 214562K [0x00000000aaaa0000, 0x00000000b86b9000, 0x0000000100000000)
   the space 225380K,  95% used [0x00000000aaaa0000, 0x00000000b7c288c0, 0x00000000b7c28a00, 0x00000000b86b9000)
 Metaspace       used 120521K, committed 121984K, reserved 557056K
  class space    used 16656K, committed 17344K, reserved 425984K
}
Event: 155.902 GC heap before
{Heap before GC invocations=59 (full 5):
 def new generation   total 101696K, used 101696K [0x0000000080000000, 0x0000000086e50000, 0x00000000aaaa0000)
  eden space 90432K, 100% used [0x0000000080000000, 0x0000000085850000, 0x0000000085850000)
  from space 11264K, 100% used [0x0000000085850000, 0x0000000086350000, 0x0000000086350000)
  to   space 11264K,   0% used [0x0000000086350000, 0x0000000086350000, 0x0000000086e50000)
 tenured generation   total 225380K, used 214562K [0x00000000aaaa0000, 0x00000000b86b9000, 0x0000000100000000)
   the space 225380K,  95% used [0x00000000aaaa0000, 0x00000000b7c288c0, 0x00000000b7c28a00, 0x00000000b86b9000)
 Metaspace       used 123383K, committed 124800K, reserved 557056K
  class space    used 17284K, committed 17984K, reserved 425984K
}
Event: 156.225 GC heap after
{Heap after GC invocations=60 (full 5):
 def new generation   total 101696K, used 11264K [0x0000000080000000, 0x0000000086e50000, 0x00000000aaaa0000)
  eden space 90432K,   0% used [0x0000000080000000, 0x0000000080000000, 0x0000000085850000)
  from space 11264K, 100% used [0x0000000086350000, 0x0000000086e50000, 0x0000000086e50000)
  to   space 11264K,   0% used [0x0000000085850000, 0x0000000085850000, 0x0000000086350000)
 tenured generation   total 247068K, used 246891K [0x00000000aaaa0000, 0x00000000b9be7000, 0x0000000100000000)
   the space 247068K,  99% used [0x00000000aaaa0000, 0x00000000b9bbaf28, 0x00000000b9bbb000, 0x00000000b9be7000)
 Metaspace       used 123383K, committed 124800K, reserved 557056K
  class space    used 17284K, committed 17984K, reserved 425984K
}
Event: 156.225 GC heap before
{Heap before GC invocations=60 (full 5):
 def new generation   total 101696K, used 11264K [0x0000000080000000, 0x0000000086e50000, 0x00000000aaaa0000)
  eden space 90432K,   0% used [0x0000000080000000, 0x0000000080000000, 0x0000000085850000)
  from space 11264K, 100% used [0x0000000086350000, 0x0000000086e50000, 0x0000000086e50000)
  to   space 11264K,   0% used [0x0000000085850000, 0x0000000085850000, 0x0000000086350000)
 tenured generation   total 247068K, used 246891K [0x00000000aaaa0000, 0x00000000b9be7000, 0x0000000100000000)
   the space 247068K,  99% used [0x00000000aaaa0000, 0x00000000b9bbaf28, 0x00000000b9bbb000, 0x00000000b9be7000)
 Metaspace       used 123383K, committed 124800K, reserved 557056K
  class space    used 17284K, committed 17984K, reserved 425984K
}
Event: 165.072 GC heap after
{Heap after GC invocations=60 (full 6):
 def new generation   total 185600K, used 11048K [0x0000000080000000, 0x000000008c960000, 0x00000000aaaa0000)
  eden space 164992K,   6% used [0x0000000080000000, 0x0000000080aca2e0, 0x000000008a120000)
  from space 20608K,   0% used [0x000000008a120000, 0x000000008a120000, 0x000000008b540000)
  to   space 20608K,   0% used [0x000000008b540000, 0x000000008b540000, 0x000000008c960000)
 tenured generation   total 411780K, used 247066K [0x00000000aaaa0000, 0x00000000c3cc1000, 0x0000000100000000)
   the space 411780K,  59% used [0x00000000aaaa0000, 0x00000000b9be6ac8, 0x00000000b9be6c00, 0x00000000c3cc1000)
 Metaspace       used 123381K, committed 124800K, reserved 557056K
  class space    used 17283K, committed 17984K, reserved 425984K
}
Event: 165.681 GC heap before
{Heap before GC invocations=60 (full 6):
 def new generation   total 185600K, used 164992K [0x0000000080000000, 0x000000008c960000, 0x00000000aaaa0000)
  eden space 164992K, 100% used [0x0000000080000000, 0x000000008a120000, 0x000000008a120000)
  from space 20608K,   0% used [0x000000008a120000, 0x000000008a120000, 0x000000008b540000)
  to   space 20608K,   0% used [0x000000008b540000, 0x000000008b540000, 0x000000008c960000)
 tenured generation   total 411780K, used 247066K [0x00000000aaaa0000, 0x00000000c3cc1000, 0x0000000100000000)
   the space 411780K,  59% used [0x00000000aaaa0000, 0x00000000b9be6ac8, 0x00000000b9be6c00, 0x00000000c3cc1000)
 Metaspace       used 123407K, committed 124800K, reserved 557056K
  class space    used 17289K, committed 17984K, reserved 425984K
}
Event: 166.311 GC heap after
{Heap after GC invocations=61 (full 6):
 def new generation   total 185600K, used 20608K [0x0000000080000000, 0x000000008c960000, 0x00000000aaaa0000)
  eden space 164992K,   0% used [0x0000000080000000, 0x0000000080000000, 0x000000008a120000)
  from space 20608K, 100% used [0x000000008b540000, 0x000000008c960000, 0x000000008c960000)
  to   space 20608K,   0% used [0x000000008a120000, 0x000000008a120000, 0x000000008b540000)
 tenured generation   total 411780K, used 311191K [0x00000000aaaa0000, 0x00000000c3cc1000, 0x0000000100000000)
   the space 411780K,  75% used [0x00000000aaaa0000, 0x00000000bda85cf8, 0x00000000bda85e00, 0x00000000c3cc1000)
 Metaspace       used 123407K, committed 124800K, reserved 557056K
  class space    used 17289K, committed 17984K, reserved 425984K
}
Event: 170.933 GC heap before
{Heap before GC invocations=61 (full 6):
 def new generation   total 185600K, used 185600K [0x0000000080000000, 0x000000008c960000, 0x00000000aaaa0000)
  eden space 164992K, 100% used [0x0000000080000000, 0x000000008a120000, 0x000000008a120000)
  from space 20608K, 100% used [0x000000008b540000, 0x000000008c960000, 0x000000008c960000)
  to   space 20608K,   0% used [0x000000008a120000, 0x000000008a120000, 0x000000008b540000)
 tenured generation   total 411780K, used 311191K [0x00000000aaaa0000, 0x00000000c3cc1000, 0x0000000100000000)
   the space 411780K,  75% used [0x00000000aaaa0000, 0x00000000bda85cf8, 0x00000000bda85e00, 0x00000000c3cc1000)
 Metaspace       used 128313K, committed 129728K, reserved 557056K
  class space    used 17986K, committed 18688K, reserved 425984K
}
Event: 171.379 GC heap after
{Heap after GC invocations=62 (full 6):
 def new generation   total 185600K, used 20608K [0x0000000080000000, 0x000000008c960000, 0x00000000aaaa0000)
  eden space 164992K,   0% used [0x0000000080000000, 0x0000000080000000, 0x000000008a120000)
  from space 20608K, 100% used [0x000000008a120000, 0x000000008b540000, 0x000000008b540000)
  to   space 20608K,   0% used [0x000000008b540000, 0x000000008b540000, 0x000000008c960000)
 tenured generation   total 411780K, used 333609K [0x00000000aaaa0000, 0x00000000c3cc1000, 0x0000000100000000)
   the space 411780K,  81% used [0x00000000aaaa0000, 0x00000000bf06a7a8, 0x00000000bf06a800, 0x00000000c3cc1000)
 Metaspace       used 128313K, committed 129728K, reserved 557056K
  class space    used 17986K, committed 18688K, reserved 425984K
}
Event: 174.280 GC heap before
{Heap before GC invocations=62 (full 6):
 def new generation   total 185600K, used 185600K [0x0000000080000000, 0x000000008c960000, 0x00000000aaaa0000)
  eden space 164992K, 100% used [0x0000000080000000, 0x000000008a120000, 0x000000008a120000)
  from space 20608K, 100% used [0x000000008a120000, 0x000000008b540000, 0x000000008b540000)
  to   space 20608K,   0% used [0x000000008b540000, 0x000000008b540000, 0x000000008c960000)
 tenured generation   total 411780K, used 333609K [0x00000000aaaa0000, 0x00000000c3cc1000, 0x0000000100000000)
   the space 411780K,  81% used [0x00000000aaaa0000, 0x00000000bf06a7a8, 0x00000000bf06a800, 0x00000000c3cc1000)
 Metaspace       used 128714K, committed 130176K, reserved 557056K
  class space    used 18029K, committed 18752K, reserved 425984K
}
Event: 174.431 GC heap after
{Heap after GC invocations=63 (full 6):
 def new generation   total 185600K, used 11352K [0x0000000080000000, 0x000000008c960000, 0x00000000aaaa0000)
  eden space 164992K,   0% used [0x0000000080000000, 0x0000000080000000, 0x000000008a120000)
  from space 20608K,  55% used [0x000000008b540000, 0x000000008c056150, 0x000000008c960000)
  to   space 20608K,   0% used [0x000000008a120000, 0x000000008a120000, 0x000000008b540000)
 tenured generation   total 411780K, used 353310K [0x00000000aaaa0000, 0x00000000c3cc1000, 0x0000000100000000)
   the space 411780K,  85% used [0x00000000aaaa0000, 0x00000000c03a7b78, 0x00000000c03a7c00, 0x00000000c3cc1000)
 Metaspace       used 128714K, committed 130176K, reserved 557056K
  class space    used 18029K, committed 18752K, reserved 425984K
}
Event: 177.307 GC heap before
{Heap before GC invocations=63 (full 6):
 def new generation   total 185600K, used 176331K [0x0000000080000000, 0x000000008c960000, 0x00000000aaaa0000)
  eden space 164992K,  99% used [0x0000000080000000, 0x000000008a11cd80, 0x000000008a120000)
  from space 20608K,  55% used [0x000000008b540000, 0x000000008c056150, 0x000000008c960000)
  to   space 20608K,   0% used [0x000000008a120000, 0x000000008a120000, 0x000000008b540000)
 tenured generation   total 411780K, used 353310K [0x00000000aaaa0000, 0x00000000c3cc1000, 0x0000000100000000)
   the space 411780K,  85% used [0x00000000aaaa0000, 0x00000000c03a7b78, 0x00000000c03a7c00, 0x00000000c3cc1000)
 Metaspace       used 129321K, committed 130816K, reserved 557056K
  class space    used 18110K, committed 18816K, reserved 425984K
}
Event: 177.416 GC heap after
{Heap after GC invocations=64 (full 6):
 def new generation   total 185600K, used 20608K [0x0000000080000000, 0x000000008c960000, 0x00000000aaaa0000)
  eden space 164992K,   0% used [0x0000000080000000, 0x0000000080000000, 0x000000008a120000)
  from space 20608K, 100% used [0x000000008a120000, 0x000000008b540000, 0x000000008b540000)
  to   space 20608K,   0% used [0x000000008b540000, 0x000000008b540000, 0x000000008c960000)
 tenured generation   total 411780K, used 364666K [0x00000000aaaa0000, 0x00000000c3cc1000, 0x0000000100000000)
   the space 411780K,  88% used [0x00000000aaaa0000, 0x00000000c0ebeb18, 0x00000000c0ebec00, 0x00000000c3cc1000)
 Metaspace       used 129321K, committed 130816K, reserved 557056K
  class space    used 18110K, committed 18816K, reserved 425984K
}
Event: 178.264 GC heap before
{Heap before GC invocations=64 (full 6):
 def new generation   total 185600K, used 185600K [0x0000000080000000, 0x000000008c960000, 0x00000000aaaa0000)
  eden space 164992K, 100% used [0x0000000080000000, 0x000000008a120000, 0x000000008a120000)
  from space 20608K, 100% used [0x000000008a120000, 0x000000008b540000, 0x000000008b540000)
  to   space 20608K,   0% used [0x000000008b540000, 0x000000008b540000, 0x000000008c960000)
 tenured generation   total 411780K, used 364666K [0x00000000aaaa0000, 0x00000000c3cc1000, 0x0000000100000000)
   the space 411780K,  88% used [0x00000000aaaa0000, 0x00000000c0ebeb18, 0x00000000c0ebec00, 0x00000000c3cc1000)
 Metaspace       used 129503K, committed 130944K, reserved 557056K
  class space    used 18124K, committed 18816K, reserved 425984K
}
Event: 178.412 GC heap after
{Heap after GC invocations=65 (full 6):
 def new generation   total 185600K, used 19360K [0x0000000080000000, 0x000000008c960000, 0x00000000aaaa0000)
  eden space 164992K,   0% used [0x0000000080000000, 0x0000000080000000, 0x000000008a120000)
  from space 20608K,  93% used [0x000000008b540000, 0x000000008c828078, 0x000000008c960000)
  to   space 20608K,   0% used [0x000000008a120000, 0x000000008a120000, 0x000000008b540000)
 tenured generation   total 411780K, used 394766K [0x00000000aaaa0000, 0x00000000c3cc1000, 0x0000000100000000)
   the space 411780K,  95% used [0x00000000aaaa0000, 0x00000000c2c23a88, 0x00000000c2c23c00, 0x00000000c3cc1000)
 Metaspace       used 129503K, committed 130944K, reserved 557056K
  class space    used 18124K, committed 18816K, reserved 425984K
}
Event: 188.027 GC heap before
{Heap before GC invocations=65 (full 6):
 def new generation   total 185600K, used 184352K [0x0000000080000000, 0x000000008c960000, 0x00000000aaaa0000)
  eden space 164992K, 100% used [0x0000000080000000, 0x000000008a120000, 0x000000008a120000)
  from space 20608K,  93% used [0x000000008b540000, 0x000000008c828078, 0x000000008c960000)
  to   space 20608K,   0% used [0x000000008a120000, 0x000000008a120000, 0x000000008b540000)
 tenured generation   total 411780K, used 394766K [0x00000000aaaa0000, 0x00000000c3cc1000, 0x0000000100000000)
   the space 411780K,  95% used [0x00000000aaaa0000, 0x00000000c2c23a88, 0x00000000c2c23c00, 0x00000000c3cc1000)
 Metaspace       used 134798K, committed 136192K, reserved 557056K
  class space    used 18845K, committed 19520K, reserved 425984K
}
Event: 188.215 GC heap after
{Heap after GC invocations=66 (full 6):
 def new generation   total 185600K, used 1627K [0x0000000080000000, 0x000000008c960000, 0x00000000aaaa0000)
  eden space 164992K,   0% used [0x0000000080000000, 0x0000000080000000, 0x000000008a120000)
  from space 20608K,   7% used [0x000000008a120000, 0x000000008a2b6d20, 0x000000008b540000)
  to   space 20608K,   0% used [0x000000008b540000, 0x000000008b540000, 0x000000008c960000)
 tenured generation   total 411780K, used 401628K [0x00000000aaaa0000, 0x00000000c3cc1000, 0x0000000100000000)
   the space 411780K,  97% used [0x00000000aaaa0000, 0x00000000c32d7398, 0x00000000c32d7400, 0x00000000c3cc1000)
 Metaspace       used 134798K, committed 136192K, reserved 557056K
  class space    used 18845K, committed 19520K, reserved 425984K
}

