# JRE version: OpenJDK Runtime Environment Microsoft-13877129 (17.0.19+10) (build 17.0.19+10-LTS)
# Java VM: OpenJDK 64-Bit Server VM Microsoft-13877129 (17.0.19+10-LTS, mixed mode, sharing, tiered, compressed oops, compressed class ptrs, g1 gc, windows-amd64)
GC Precious Log:
 CPUs: 12 total, 12 available
 Memory: 5989M
 Large Page Support: Disabled
 NUMA Support: Disabled
 Compressed Oops: Enabled (32-bit)
 Heap Region Size: 1M
 Heap Min Capacity: 8M
 Heap Initial Capacity: 94M
 Heap Max Capacity: 1536M
 Pre-touch: Disabled
 Parallel Workers: 10
 Concurrent Workers: 3
 Concurrent Refinement Workers: 10
 Periodic GC: Disabled
Heap:
 garbage-first heap   total 226304K, used 163385K [0x00000000a0000000, 0x0000000100000000)
  region size 1024K, 45 young (46080K), 1 survivors (1024K)
 Metaspace       used 102913K, committed 104128K, reserved 557056K
  class space    used 14391K, committed 14976K, reserved 425984K
GC Heap History (20 events):
Event: 127.322 GC heap before
{Heap before GC invocations=51 (full 0):
 garbage-first heap   total 188416K, used 107744K [0x00000000a0000000, 0x0000000100000000)
  region size 1024K, 9 young (9216K), 6 survivors (6144K)
 Metaspace       used 83467K, committed 84480K, reserved 557056K
  class space    used 11634K, committed 12096K, reserved 425984K
}
Event: 127.330 GC heap after
{Heap after GC invocations=52 (full 0):
 garbage-first heap   total 188416K, used 104027K [0x00000000a0000000, 0x0000000100000000)
  region size 1024K, 1 young (1024K), 1 survivors (1024K)
 Metaspace       used 83467K, committed 84480K, reserved 557056K
  class space    used 11634K, committed 12096K, reserved 425984K
}
Event: 128.114 GC heap before
{Heap before GC invocations=52 (full 0):
 garbage-first heap   total 188416K, used 134747K [0x00000000a0000000, 0x0000000100000000)
  region size 1024K, 33 young (33792K), 1 survivors (1024K)
 Metaspace       used 85560K, committed 86720K, reserved 557056K
  class space    used 11901K, committed 12480K, reserved 425984K
}
Event: 128.118 GC heap after
{Heap after GC invocations=53 (full 0):
 garbage-first heap   total 188416K, used 104804K [0x00000000a0000000, 0x0000000100000000)
  region size 1024K, 2 young (2048K), 2 survivors (2048K)
 Metaspace       used 85560K, committed 86720K, reserved 557056K
  class space    used 11901K, committed 12480K, reserved 425984K
}
Event: 129.559 GC heap before
{Heap before GC invocations=54 (full 0):
 garbage-first heap   total 188416K, used 154980K [0x00000000a0000000, 0x0000000100000000)
  region size 1024K, 48 young (49152K), 2 survivors (2048K)
 Metaspace       used 88920K, committed 90048K, reserved 557056K
  class space    used 12356K, committed 12928K, reserved 425984K
}
Event: 129.564 GC heap after
{Heap after GC invocations=55 (full 0):
 garbage-first heap   total 188416K, used 109075K [0x00000000a0000000, 0x0000000100000000)
  region size 1024K, 3 young (3072K), 3 survivors (3072K)
 Metaspace       used 88920K, committed 90048K, reserved 557056K
  class space    used 12356K, committed 12928K, reserved 425984K
}
Event: 129.752 GC heap before
{Heap before GC invocations=55 (full 0):
 garbage-first heap   total 188416K, used 115219K [0x00000000a0000000, 0x0000000100000000)
  region size 1024K, 9 young (9216K), 3 survivors (3072K)
 Metaspace       used 89201K, committed 90368K, reserved 557056K
  class space    used 12397K, committed 12992K, reserved 425984K
}
Event: 129.760 GC heap after
{Heap after GC invocations=56 (full 0):
 garbage-first heap   total 188416K, used 108788K [0x00000000a0000000, 0x0000000100000000)
  region size 1024K, 1 young (1024K), 1 survivors (1024K)
 Metaspace       used 89201K, committed 90368K, reserved 557056K
  class space    used 12397K, committed 12992K, reserved 425984K
}
Event: 131.881 GC heap before
{Heap before GC invocations=56 (full 0):
 garbage-first heap   total 188416K, used 154868K [0x00000000a0000000, 0x0000000100000000)
  region size 1024K, 46 young (47104K), 1 survivors (1024K)
 Metaspace       used 90525K, committed 91648K, reserved 557056K
  class space    used 12607K, committed 13184K, reserved 425984K
}
Event: 131.888 GC heap after
{Heap after GC invocations=57 (full 0):
 garbage-first heap   total 226304K, used 111802K [0x00000000a0000000, 0x0000000100000000)
  region size 1024K, 4 young (4096K), 4 survivors (4096K)
 Metaspace       used 90525K, committed 91648K, reserved 557056K
  class space    used 12607K, committed 13184K, reserved 425984K
}
Event: 136.225 GC heap before
{Heap before GC invocations=58 (full 0):
 garbage-first heap   total 226304K, used 180410K [0x00000000a0000000, 0x0000000100000000)
  region size 1024K, 70 young (71680K), 4 survivors (4096K)
 Metaspace       used 94310K, committed 95488K, reserved 557056K
  class space    used 13111K, committed 13696K, reserved 425984K
}
Event: 136.233 GC heap after
{Heap after GC invocations=59 (full 0):
 garbage-first heap   total 226304K, used 115179K [0x00000000a0000000, 0x0000000100000000)
  region size 1024K, 8 young (8192K), 8 survivors (8192K)
 Metaspace       used 94310K, committed 95488K, reserved 557056K
  class space    used 13111K, committed 13696K, reserved 425984K
}
Event: 136.554 GC heap before
{Heap before GC invocations=59 (full 0):
 garbage-first heap   total 226304K, used 117227K [0x00000000a0000000, 0x0000000100000000)
  region size 1024K, 11 young (11264K), 8 survivors (8192K)
 Metaspace       used 94424K, committed 95552K, reserved 557056K
  class space    used 13125K, committed 13696K, reserved 425984K
}
Event: 136.573 GC heap after
{Heap after GC invocations=60 (full 0):
 garbage-first heap   total 226304K, used 114636K [0x00000000a0000000, 0x0000000100000000)
  region size 1024K, 1 young (1024K), 1 survivors (1024K)
 Metaspace       used 94424K, committed 95552K, reserved 557056K
  class space    used 13125K, committed 13696K, reserved 425984K
}
Event: 139.000 GC heap before
{Heap before GC invocations=60 (full 0):
 garbage-first heap   total 226304K, used 185292K [0x00000000a0000000, 0x0000000100000000)
  region size 1024K, 70 young (71680K), 1 survivors (1024K)
 Metaspace       used 99087K, committed 100224K, reserved 557056K
  class space    used 13883K, committed 14464K, reserved 425984K
}
Event: 139.004 GC heap after
{Heap after GC invocations=61 (full 0):
 garbage-first heap   total 226304K, used 115939K [0x00000000a0000000, 0x0000000100000000)
  region size 1024K, 3 young (3072K), 3 survivors (3072K)
 Metaspace       used 99087K, committed 100224K, reserved 557056K
  class space    used 13883K, committed 14464K, reserved 425984K
}
Event: 141.846 GC heap before
{Heap before GC invocations=62 (full 0):
 garbage-first heap   total 226304K, used 185571K [0x00000000a0000000, 0x0000000100000000)
  region size 1024K, 72 young (73728K), 3 survivors (3072K)
 Metaspace       used 102755K, committed 104000K, reserved 557056K
  class space    used 14389K, committed 14976K, reserved 425984K
}
Event: 141.855 GC heap after
{Heap after GC invocations=63 (full 0):
 garbage-first heap   total 226304K, used 120737K [0x00000000a0000000, 0x0000000100000000)
  region size 1024K, 7 young (7168K), 7 survivors (7168K)
 Metaspace       used 102755K, committed 104000K, reserved 557056K
  class space    used 14389K, committed 14976K, reserved 425984K
}
Event: 141.885 GC heap before
{Heap before GC invocations=63 (full 0):
 garbage-first heap   total 226304K, used 124833K [0x00000000a0000000, 0x0000000100000000)
  region size 1024K, 11 young (11264K), 7 survivors (7168K)
 Metaspace       used 102756K, committed 104000K, reserved 557056K
  class space    used 14389K, committed 14976K, reserved 425984K
}
Event: 141.900 GC heap after
{Heap after GC invocations=64 (full 0):
 garbage-first heap   total 226304K, used 120377K [0x00000000a0000000, 0x0000000100000000)
  region size 1024K, 1 young (1024K), 1 survivors (1024K)
 Metaspace       used 102756K, committed 104000K, reserved 557056K
  class space    used 14389K, committed 14976K, reserved 425984K
}

