# JRE version: OpenJDK Runtime Environment Microsoft-13877129 (17.0.19+10) (build 17.0.19+10-LTS)
# Java VM: OpenJDK 64-Bit Server VM Microsoft-13877129 (17.0.19+10-LTS, mixed mode, sharing, tiered, compressed oops, compressed class ptrs, g1 gc, windows-amd64)
GC Precious Log:
 CPUs: 12 total, 12 available
 Memory: 5989M
 Large Page Support: Disabled
 NUMA Support: Disabled
 Compressed Oops: Enabled (32-bit)
 Heap Region Size: 1M
 Heap Min Capacity: 8M
 Heap Initial Capacity: 94M
 Heap Max Capacity: 1498M
 Pre-touch: Disabled
 Parallel Workers: 10
 Concurrent Workers: 3
 Concurrent Refinement Workers: 10
 Periodic GC: Disabled
Heap:
 garbage-first heap   total 96256K, used 42154K [0x00000000a2600000, 0x0000000100000000)
  region size 1024K, 3 young (3072K), 3 survivors (3072K)
 Metaspace       used 48699K, committed 48960K, reserved 1114112K
  class space    used 5903K, committed 6016K, reserved 1048576K
GC Heap History (20 events):
Event: 1.941 GC heap after
{Heap after GC invocations=1 (full 0):
 garbage-first heap   total 96256K, used 5990K [0x00000000a2600000, 0x0000000100000000)
  region size 1024K, 3 young (3072K), 3 survivors (3072K)
 Metaspace       used 7148K, committed 7232K, reserved 1114112K
  class space    used 663K, committed 704K, reserved 1048576K
}
Event: 3.497 GC heap before
{Heap before GC invocations=1 (full 0):
 garbage-first heap   total 96256K, used 38758K [0x00000000a2600000, 0x0000000100000000)
  region size 1024K, 35 young (35840K), 3 survivors (3072K)
 Metaspace       used 13742K, committed 13952K, reserved 1114112K
  class space    used 1479K, committed 1600K, reserved 1048576K
}
Event: 3.520 GC heap after
{Heap after GC invocations=2 (full 0):
 garbage-first heap   total 96256K, used 11781K [0x00000000a2600000, 0x0000000100000000)
  region size 1024K, 5 young (5120K), 5 survivors (5120K)
 Metaspace       used 13742K, committed 13952K, reserved 1114112K
  class space    used 1479K, committed 1600K, reserved 1048576K
}
Event: 5.048 GC heap before
{Heap before GC invocations=2 (full 0):
 garbage-first heap   total 96256K, used 39429K [0x00000000a2600000, 0x0000000100000000)
  region size 1024K, 33 young (33792K), 5 survivors (5120K)
 Metaspace       used 21353K, committed 21504K, reserved 1114112K
  class space    used 2815K, committed 2880K, reserved 1048576K
}
Event: 5.067 GC heap after
{Heap after GC invocations=3 (full 0):
 garbage-first heap   total 96256K, used 14309K [0x00000000a2600000, 0x0000000100000000)
  region size 1024K, 3 young (3072K), 3 survivors (3072K)
 Metaspace       used 21353K, committed 21504K, reserved 1114112K
  class space    used 2815K, committed 2880K, reserved 1048576K
}
Event: 6.562 GC heap before
{Heap before GC invocations=4 (full 0):
 garbage-first heap   total 55296K, used 54245K [0x00000000a2600000, 0x0000000100000000)
  region size 1024K, 42 young (43008K), 3 survivors (3072K)
 Metaspace       used 29832K, committed 30016K, reserved 1114112K
  class space    used 3686K, committed 3776K, reserved 1048576K
}
Event: 6.579 GC heap after
{Heap after GC invocations=5 (full 0):
 garbage-first heap   total 61440K, used 17484K [0x00000000a2600000, 0x0000000100000000)
  region size 1024K, 6 young (6144K), 6 survivors (6144K)
 Metaspace       used 29832K, committed 30016K, reserved 1114112K
  class space    used 3686K, committed 3776K, reserved 1048576K
}
Event: 6.643 GC heap before
{Heap before GC invocations=5 (full 0):
 garbage-first heap   total 61440K, used 18508K [0x00000000a2600000, 0x0000000100000000)
  region size 1024K, 7 young (7168K), 6 survivors (6144K)
 Metaspace       used 30063K, committed 30336K, reserved 1114112K
  class space    used 3703K, committed 3776K, reserved 1048576K
}
Event: 6.656 GC heap after
{Heap after GC invocations=6 (full 0):
 garbage-first heap   total 61440K, used 18185K [0x00000000a2600000, 0x0000000100000000)
  region size 1024K, 1 young (1024K), 1 survivors (1024K)
 Metaspace       used 30063K, committed 30336K, reserved 1114112K
  class space    used 3703K, committed 3776K, reserved 1048576K
}
Event: 7.839 GC heap before
{Heap before GC invocations=6 (full 0):
 garbage-first heap   total 61440K, used 43785K [0x00000000a2600000, 0x0000000100000000)
  region size 1024K, 27 young (27648K), 1 survivors (1024K)
 Metaspace       used 35688K, committed 35968K, reserved 1114112K
  class space    used 4303K, committed 4480K, reserved 1048576K
}
Event: 7.852 GC heap after
{Heap after GC invocations=7 (full 0):
 garbage-first heap   total 95232K, used 19686K [0x00000000a2600000, 0x0000000100000000)
  region size 1024K, 3 young (3072K), 3 survivors (3072K)
 Metaspace       used 35688K, committed 35968K, reserved 1114112K
  class space    used 4303K, committed 4480K, reserved 1048576K
}
Event: 10.354 GC heap before
{Heap before GC invocations=8 (full 0):
 garbage-first heap   total 71680K, used 60646K [0x00000000a2600000, 0x0000000100000000)
  region size 1024K, 42 young (43008K), 3 survivors (3072K)
 Metaspace       used 43116K, committed 43392K, reserved 1114112K
  class space    used 5172K, committed 5312K, reserved 1048576K
}
Event: 10.376 GC heap after
{Heap after GC invocations=9 (full 0):
 garbage-first heap   total 71680K, used 27043K [0x00000000a2600000, 0x0000000100000000)
  region size 1024K, 6 young (6144K), 6 survivors (6144K)
 Metaspace       used 43116K, committed 43392K, reserved 1114112K
  class space    used 5172K, committed 5312K, reserved 1048576K
}
Event: 10.380 GC heap before
{Heap before GC invocations=9 (full 0):
 garbage-first heap   total 71680K, used 28067K [0x00000000a2600000, 0x0000000100000000)
  region size 1024K, 7 young (7168K), 6 survivors (6144K)
 Metaspace       used 43118K, committed 43392K, reserved 1114112K
  class space    used 5172K, committed 5312K, reserved 1048576K
}
Event: 10.398 GC heap after
{Heap after GC invocations=10 (full 0):
 garbage-first heap   total 71680K, used 28233K [0x00000000a2600000, 0x0000000100000000)
  region size 1024K, 1 young (1024K), 1 survivors (1024K)
 Metaspace       used 43118K, committed 43392K, reserved 1114112K
  class space    used 5172K, committed 5312K, reserved 1048576K
}
Event: 10.803 GC heap before
{Heap before GC invocations=10 (full 0):
 garbage-first heap   total 71680K, used 51785K [0x00000000a2600000, 0x0000000100000000)
  region size 1024K, 25 young (25600K), 1 survivors (1024K)
 Metaspace       used 44533K, committed 44800K, reserved 1114112K
  class space    used 5396K, committed 5504K, reserved 1048576K
}
Event: 10.823 GC heap after
{Heap after GC invocations=11 (full 0):
 garbage-first heap   total 71680K, used 34816K [0x00000000a2600000, 0x0000000100000000)
  region size 1024K, 4 young (4096K), 4 survivors (4096K)
 Metaspace       used 44533K, committed 44800K, reserved 1114112K
  class space    used 5396K, committed 5504K, reserved 1048576K
}
Event: 11.513 GC heap before
{Heap before GC invocations=11 (full 0):
 garbage-first heap   total 71680K, used 53248K [0x00000000a2600000, 0x0000000100000000)
  region size 1024K, 22 young (22528K), 4 survivors (4096K)
 Metaspace       used 46906K, committed 47168K, reserved 1114112K
  class space    used 5701K, committed 5824K, reserved 1048576K
}
Event: 11.530 GC heap after
{Heap after GC invocations=12 (full 0):
 garbage-first heap   total 71680K, used 39283K [0x00000000a2600000, 0x0000000100000000)
  region size 1024K, 3 young (3072K), 3 survivors (3072K)
 Metaspace       used 46906K, committed 47168K, reserved 1114112K
  class space    used 5701K, committed 5824K, reserved 1048576K
}
Event: 12.019 GC heap before
{Heap before GC invocations=12 (full 0):
 garbage-first heap   total 71680K, used 52595K [0x00000000a2600000, 0x0000000100000000)
  region size 1024K, 17 young (17408K), 3 survivors (3072K)
 Metaspace       used 48699K, committed 48960K, reserved 1114112K
  class space    used 5903K, committed 6016K, reserved 1048576K
}

