# JRE version: OpenJDK Runtime Environment Microsoft-13877129 (17.0.19+10) (build 17.0.19+10-LTS)
# Java VM: OpenJDK 64-Bit Server VM Microsoft-13877129 (17.0.19+10-LTS, mixed mode, sharing, tiered, compressed oops, compressed class ptrs, g1 gc, windows-amd64)
GC Precious Log:
 CPUs: 12 total, 12 available
 Memory: 5989M
 Large Page Support: Disabled
 NUMA Support: Disabled
 Compressed Oops: Enabled (32-bit)
 Heap Region Size: 1M
 Heap Min Capacity: 8M
 Heap Initial Capacity: 94M
 Heap Max Capacity: 2G
 Pre-touch: Disabled
 Parallel Workers: 10
 Concurrent Workers: 3
 Concurrent Refinement Workers: 10
 Periodic GC: Disabled
Heap:
 garbage-first heap   total 119808K, used 69816K [0x0000000080000000, 0x0000000100000000)
  region size 1024K, 6 young (6144K), 3 survivors (3072K)
 Metaspace       used 76144K, committed 77056K, reserved 557056K
  class space    used 10887K, committed 11328K, reserved 425984K
GC Heap History (20 events):
Event: 37.821 GC heap before
{Heap before GC invocations=26 (full 0):
 garbage-first heap   total 99328K, used 72395K [0x0000000080000000, 0x0000000100000000)
  region size 1024K, 18 young (18432K), 2 survivors (2048K)
 Metaspace       used 62904K, committed 63744K, reserved 491520K
  class space    used 8975K, committed 9344K, reserved 425984K
}
Event: 37.825 GC heap after
{Heap after GC invocations=27 (full 0):
 garbage-first heap   total 99328K, used 56595K [0x0000000080000000, 0x0000000100000000)
  region size 1024K, 2 young (2048K), 2 survivors (2048K)
 Metaspace       used 62904K, committed 63744K, reserved 491520K
  class space    used 8975K, committed 9344K, reserved 425984K
}
Event: 38.467 GC heap before
{Heap before GC invocations=27 (full 0):
 garbage-first heap   total 99328K, used 76051K [0x0000000080000000, 0x0000000100000000)
  region size 1024K, 21 young (21504K), 2 survivors (2048K)
 Metaspace       used 64156K, committed 64896K, reserved 491520K
  class space    used 9141K, committed 9472K, reserved 425984K
}
Event: 38.471 GC heap after
{Heap after GC invocations=28 (full 0):
 garbage-first heap   total 99328K, used 57818K [0x0000000080000000, 0x0000000100000000)
  region size 1024K, 3 young (3072K), 3 survivors (3072K)
 Metaspace       used 64156K, committed 64896K, reserved 491520K
  class space    used 9141K, committed 9472K, reserved 425984K
}
Event: 39.107 GC heap before
{Heap before GC invocations=29 (full 0):
 garbage-first heap   total 102400K, used 77274K [0x0000000080000000, 0x0000000100000000)
  region size 1024K, 22 young (22528K), 3 survivors (3072K)
 Metaspace       used 65461K, committed 66240K, reserved 491520K
  class space    used 9328K, committed 9664K, reserved 425984K
}
Event: 39.111 GC heap after
{Heap after GC invocations=30 (full 0):
 garbage-first heap   total 102400K, used 58288K [0x0000000080000000, 0x0000000100000000)
  region size 1024K, 2 young (2048K), 2 survivors (2048K)
 Metaspace       used 65461K, committed 66240K, reserved 491520K
  class space    used 9328K, committed 9664K, reserved 425984K
}
Event: 40.254 GC heap before
{Heap before GC invocations=30 (full 0):
 garbage-first heap   total 102400K, used 81840K [0x0000000080000000, 0x0000000100000000)
  region size 1024K, 25 young (25600K), 2 survivors (2048K)
 Metaspace       used 67429K, committed 68224K, reserved 491520K
  class space    used 9674K, committed 10048K, reserved 425984K
}
Event: 40.259 GC heap after
{Heap after GC invocations=31 (full 0):
 garbage-first heap   total 102400K, used 58991K [0x0000000080000000, 0x0000000100000000)
  region size 1024K, 3 young (3072K), 3 survivors (3072K)
 Metaspace       used 67429K, committed 68224K, reserved 491520K
  class space    used 9674K, committed 10048K, reserved 425984K
}
Event: 40.887 GC heap before
{Heap before GC invocations=32 (full 0):
 garbage-first heap   total 106496K, used 80495K [0x0000000080000000, 0x0000000100000000)
  region size 1024K, 25 young (25600K), 3 survivors (3072K)
 Metaspace       used 68696K, committed 69568K, reserved 491520K
  class space    used 9855K, committed 10240K, reserved 425984K
}
Event: 40.891 GC heap after
{Heap after GC invocations=33 (full 0):
 garbage-first heap   total 106496K, used 59729K [0x0000000080000000, 0x0000000100000000)
  region size 1024K, 2 young (2048K), 2 survivors (2048K)
 Metaspace       used 68696K, committed 69568K, reserved 491520K
  class space    used 9855K, committed 10240K, reserved 425984K
}
Event: 40.951 GC heap before
{Heap before GC invocations=33 (full 0):
 garbage-first heap   total 106496K, used 60753K [0x0000000080000000, 0x0000000100000000)
  region size 1024K, 4 young (4096K), 2 survivors (2048K)
 Metaspace       used 68852K, committed 69760K, reserved 491520K
  class space    used 9876K, committed 10304K, reserved 425984K
}
Event: 40.955 GC heap after
{Heap after GC invocations=34 (full 0):
 garbage-first heap   total 106496K, used 59989K [0x0000000080000000, 0x0000000100000000)
  region size 1024K, 3 young (3072K), 3 survivors (3072K)
 Metaspace       used 68852K, committed 69760K, reserved 491520K
  class space    used 9876K, committed 10304K, reserved 425984K
}
Event: 41.753 GC heap before
{Heap before GC invocations=35 (full 0):
 garbage-first heap   total 111616K, used 86613K [0x0000000080000000, 0x0000000100000000)
  region size 1024K, 28 young (28672K), 3 survivors (3072K)
 Metaspace       used 70814K, committed 71680K, reserved 491520K
  class space    used 10143K, committed 10560K, reserved 425984K
}
Event: 41.757 GC heap after
{Heap after GC invocations=36 (full 0):
 garbage-first heap   total 111616K, used 60919K [0x0000000080000000, 0x0000000100000000)
  region size 1024K, 3 young (3072K), 3 survivors (3072K)
 Metaspace       used 70814K, committed 71680K, reserved 491520K
  class space    used 10143K, committed 10560K, reserved 425984K
}
Event: 43.388 GC heap before
{Heap before GC invocations=36 (full 0):
 garbage-first heap   total 111616K, used 90615K [0x0000000080000000, 0x0000000100000000)
  region size 1024K, 32 young (32768K), 3 survivors (3072K)
 Metaspace       used 72238K, committed 73088K, reserved 491520K
  class space    used 10339K, committed 10752K, reserved 425984K
}
Event: 43.393 GC heap after
{Heap after GC invocations=37 (full 0):
 garbage-first heap   total 111616K, used 63090K [0x0000000080000000, 0x0000000100000000)
  region size 1024K, 4 young (4096K), 4 survivors (4096K)
 Metaspace       used 72238K, committed 73088K, reserved 491520K
  class space    used 10339K, committed 10752K, reserved 425984K
}
Event: 44.580 GC heap before
{Heap before GC invocations=38 (full 0):
 garbage-first heap   total 111616K, used 91762K [0x0000000080000000, 0x0000000100000000)
  region size 1024K, 32 young (32768K), 4 survivors (4096K)
 Metaspace       used 73939K, committed 74816K, reserved 491520K
  class space    used 10538K, committed 10944K, reserved 425984K
}
Event: 44.587 GC heap after
{Heap after GC invocations=39 (full 0):
 garbage-first heap   total 111616K, used 65601K [0x0000000080000000, 0x0000000100000000)
  region size 1024K, 3 young (3072K), 3 survivors (3072K)
 Metaspace       used 73939K, committed 74816K, reserved 491520K
  class space    used 10538K, committed 10944K, reserved 425984K
}
Event: 45.490 GC heap before
{Heap before GC invocations=39 (full 0):
 garbage-first heap   total 111616K, used 91201K [0x0000000080000000, 0x0000000100000000)
  region size 1024K, 28 young (28672K), 3 survivors (3072K)
 Metaspace       used 75755K, committed 76672K, reserved 557056K
  class space    used 10827K, committed 11264K, reserved 425984K
}
Event: 45.498 GC heap after
{Heap after GC invocations=40 (full 0):
 garbage-first heap   total 111616K, used 67768K [0x0000000080000000, 0x0000000100000000)
  region size 1024K, 3 young (3072K), 3 survivors (3072K)
 Metaspace       used 75755K, committed 76672K, reserved 557056K
  class space    used 10827K, committed 11264K, reserved 425984K
}

