# JRE version: OpenJDK Runtime Environment Microsoft-13877129 (17.0.19+10) (build 17.0.19+10-LTS)
# Java VM: OpenJDK 64-Bit Server VM Microsoft-13877129 (17.0.19+10-LTS, mixed mode, sharing, tiered, compressed oops, compressed class ptrs, g1 gc, windows-amd64)
GC Precious Log:
 CPUs: 12 total, 12 available
 Memory: 5989M
 Large Page Support: Disabled
 NUMA Support: Disabled
 Compressed Oops: Enabled (32-bit)
 Heap Region Size: 1M
 Heap Min Capacity: 8M
 Heap Initial Capacity: 94M
 Heap Max Capacity: 2G
 Pre-touch: Disabled
 Parallel Workers: 10
 Concurrent Workers: 3
 Concurrent Refinement Workers: 10
 Periodic GC: Disabled
Heap:
 garbage-first heap   total 89088K, used 40681K [0x0000000080000000, 0x0000000100000000)
  region size 1024K, 18 young (18432K), 6 survivors (6144K)
 Metaspace       used 33929K, committed 34304K, reserved 491520K
  class space    used 4734K, committed 4928K, reserved 425984K
GC Heap History (16 events):
Event: 0.778 GC heap before
{Heap before GC invocations=0 (full 0):
 garbage-first heap   total 96256K, used 23552K [0x0000000080000000, 0x0000000100000000)
  region size 1024K, 23 young (23552K), 0 survivors (0K)
 Metaspace       used 813K, committed 896K, reserved 491520K
  class space    used 59K, committed 128K, reserved 425984K
}
Event: 0.782 GC heap after
{Heap after GC invocations=1 (full 0):
 garbage-first heap   total 96256K, used 1664K [0x0000000080000000, 0x0000000100000000)
  region size 1024K, 2 young (2048K), 2 survivors (2048K)
 Metaspace       used 813K, committed 896K, reserved 491520K
  class space    used 59K, committed 128K, reserved 425984K
}
Event: 2.439 GC heap before
{Heap before GC invocations=1 (full 0):
 garbage-first heap   total 96256K, used 40576K [0x0000000080000000, 0x0000000100000000)
  region size 1024K, 36 young (36864K), 2 survivors (2048K)
 Metaspace       used 4549K, committed 4672K, reserved 491520K
  class space    used 570K, committed 640K, reserved 425984K
}
Event: 2.453 GC heap after
{Heap after GC invocations=2 (full 0):
 garbage-first heap   total 96256K, used 11528K [0x0000000080000000, 0x0000000100000000)
  region size 1024K, 5 young (5120K), 5 survivors (5120K)
 Metaspace       used 4549K, committed 4672K, reserved 491520K
  class space    used 570K, committed 640K, reserved 425984K
}
Event: 3.902 GC heap before
{Heap before GC invocations=2 (full 0):
 garbage-first heap   total 96256K, used 55560K [0x0000000080000000, 0x0000000100000000)
  region size 1024K, 46 young (47104K), 5 survivors (5120K)
 Metaspace       used 4628K, committed 4736K, reserved 491520K
  class space    used 570K, committed 640K, reserved 425984K
}
Event: 3.913 GC heap after
{Heap after GC invocations=3 (full 0):
 garbage-first heap   total 96256K, used 15551K [0x0000000080000000, 0x0000000100000000)
  region size 1024K, 3 young (3072K), 3 survivors (3072K)
 Metaspace       used 4628K, committed 4736K, reserved 491520K
  class space    used 570K, committed 640K, reserved 425984K
}
Event: 6.516 GC heap before
{Heap before GC invocations=3 (full 0):
 garbage-first heap   total 96256K, used 62655K [0x0000000080000000, 0x0000000100000000)
  region size 1024K, 50 young (51200K), 3 survivors (3072K)
 Metaspace       used 12040K, committed 12288K, reserved 491520K
  class space    used 1613K, committed 1728K, reserved 425984K
}
Event: 6.525 GC heap after
{Heap after GC invocations=4 (full 0):
 garbage-first heap   total 96256K, used 20947K [0x0000000080000000, 0x0000000100000000)
  region size 1024K, 7 young (7168K), 7 survivors (7168K)
 Metaspace       used 12040K, committed 12288K, reserved 491520K
  class space    used 1613K, committed 1728K, reserved 425984K
}
Event: 8.296 GC heap before
{Heap before GC invocations=4 (full 0):
 garbage-first heap   total 96256K, used 67027K [0x0000000080000000, 0x0000000100000000)
  region size 1024K, 51 young (52224K), 7 survivors (7168K)
 Metaspace       used 18946K, committed 19264K, reserved 491520K
  class space    used 2540K, committed 2688K, reserved 425984K
}
Event: 8.305 GC heap after
{Heap after GC invocations=5 (full 0):
 garbage-first heap   total 96256K, used 23644K [0x0000000080000000, 0x0000000100000000)
  region size 1024K, 3 young (3072K), 3 survivors (3072K)
 Metaspace       used 18946K, committed 19264K, reserved 491520K
  class space    used 2540K, committed 2688K, reserved 425984K
}
Event: 9.077 GC heap before
{Heap before GC invocations=5 (full 0):
 garbage-first heap   total 96256K, used 43100K [0x0000000080000000, 0x0000000100000000)
  region size 1024K, 23 young (23552K), 3 survivors (3072K)
 Metaspace       used 21199K, committed 21504K, reserved 491520K
  class space    used 2912K, committed 3072K, reserved 425984K
}
Event: 9.083 GC heap after
{Heap after GC invocations=6 (full 0):
 garbage-first heap   total 96256K, used 24331K [0x0000000080000000, 0x0000000100000000)
  region size 1024K, 4 young (4096K), 4 survivors (4096K)
 Metaspace       used 21199K, committed 21504K, reserved 491520K
  class space    used 2912K, committed 3072K, reserved 425984K
}
Event: 10.965 GC heap before
{Heap before GC invocations=7 (full 0):
 garbage-first heap   total 89088K, used 71435K [0x0000000080000000, 0x0000000100000000)
  region size 1024K, 50 young (51200K), 4 survivors (4096K)
 Metaspace       used 26896K, committed 27264K, reserved 491520K
  class space    used 3790K, committed 3968K, reserved 425984K
}
Event: 10.972 GC heap after
{Heap after GC invocations=8 (full 0):
 garbage-first heap   total 89088K, used 26527K [0x0000000080000000, 0x0000000100000000)
  region size 1024K, 6 young (6144K), 6 survivors (6144K)
 Metaspace       used 26896K, committed 27264K, reserved 491520K
  class space    used 3790K, committed 3968K, reserved 425984K
}
Event: 12.440 GC heap before
{Heap before GC invocations=8 (full 0):
 garbage-first heap   total 89088K, used 66463K [0x0000000080000000, 0x0000000100000000)
  region size 1024K, 46 young (47104K), 6 survivors (6144K)
 Metaspace       used 32725K, committed 33152K, reserved 491520K
  class space    used 4532K, committed 4736K, reserved 425984K
}
Event: 12.449 GC heap after
{Heap after GC invocations=9 (full 0):
 garbage-first heap   total 89088K, used 29417K [0x0000000080000000, 0x0000000100000000)
  region size 1024K, 6 young (6144K), 6 survivors (6144K)
 Metaspace       used 32725K, committed 33152K, reserved 491520K
  class space    used 4532K, committed 4736K, reserved 425984K
}

