# JRE version: OpenJDK Runtime Environment Microsoft-13877129 (17.0.19+10) (build 17.0.19+10-LTS)
# Java VM: OpenJDK 64-Bit Server VM Microsoft-13877129 (17.0.19+10-LTS, mixed mode, sharing, tiered, compressed oops, compressed class ptrs, g1 gc, windows-amd64)
GC Precious Log:
 CPUs: 12 total, 12 available
 Memory: 5989M
 Large Page Support: Disabled
 NUMA Support: Disabled
 Compressed Oops: Enabled (32-bit)
 Heap Region Size: 1M
 Heap Min Capacity: 8M
 Heap Initial Capacity: 94M
 Heap Max Capacity: 1536M
 Pre-touch: Disabled
 Parallel Workers: 10
 Concurrent Workers: 3
 Concurrent Refinement Workers: 10
 Periodic GC: Disabled
Heap:
 garbage-first heap   total 240640K, used 173091K [0x00000000a0000000, 0x0000000100000000)
  region size 1024K, 39 young (39936K), 2 survivors (2048K)
 Metaspace       used 109122K, committed 110336K, reserved 458752K
  class space    used 15141K, committed 15744K, reserved 327680K
GC Heap History (20 events):
Event: 75.345 GC heap before
{Heap before GC invocations=100 (full 0):
 garbage-first heap   total 157696K, used 141352K [0x00000000a0000000, 0x0000000100000000)
  region size 1024K, 7 young (7168K), 1 survivors (1024K)
 Metaspace       used 108802K, committed 110016K, reserved 458752K
  class space    used 15075K, committed 15680K, reserved 327680K
}
Event: 75.348 GC heap after
{Heap after GC invocations=101 (full 0):
 garbage-first heap   total 157696K, used 135833K [0x00000000a0000000, 0x0000000100000000)
  region size 1024K, 1 young (1024K), 1 survivors (1024K)
 Metaspace       used 108802K, committed 110016K, reserved 458752K
  class space    used 15075K, committed 15680K, reserved 327680K
}
Event: 76.179 GC heap before
{Heap before GC invocations=101 (full 0):
 garbage-first heap   total 157696K, used 140953K [0x00000000a0000000, 0x0000000100000000)
  region size 1024K, 7 young (7168K), 1 survivors (1024K)
 Metaspace       used 108802K, committed 110016K, reserved 458752K
  class space    used 15075K, committed 15680K, reserved 327680K
}
Event: 76.182 GC heap after
{Heap after GC invocations=102 (full 0):
 garbage-first heap   total 157696K, used 136598K [0x00000000a0000000, 0x0000000100000000)
  region size 1024K, 1 young (1024K), 1 survivors (1024K)
 Metaspace       used 108802K, committed 110016K, reserved 458752K
  class space    used 15075K, committed 15680K, reserved 327680K
}
Event: 76.959 GC heap before
{Heap before GC invocations=102 (full 0):
 garbage-first heap   total 157696K, used 141718K [0x00000000a0000000, 0x0000000100000000)
  region size 1024K, 7 young (7168K), 1 survivors (1024K)
 Metaspace       used 108802K, committed 110016K, reserved 458752K
  class space    used 15075K, committed 15680K, reserved 327680K
}
Event: 76.961 GC heap after
{Heap after GC invocations=103 (full 0):
 garbage-first heap   total 157696K, used 137274K [0x00000000a0000000, 0x0000000100000000)
  region size 1024K, 1 young (1024K), 1 survivors (1024K)
 Metaspace       used 108802K, committed 110016K, reserved 458752K
  class space    used 15075K, committed 15680K, reserved 327680K
}
Event: 77.576 GC heap before
{Heap before GC invocations=103 (full 0):
 garbage-first heap   total 157696K, used 142394K [0x00000000a0000000, 0x0000000100000000)
  region size 1024K, 7 young (7168K), 1 survivors (1024K)
 Metaspace       used 108802K, committed 110016K, reserved 458752K
  class space    used 15075K, committed 15680K, reserved 327680K
}
Event: 77.579 GC heap after
{Heap after GC invocations=104 (full 0):
 garbage-first heap   total 157696K, used 137927K [0x00000000a0000000, 0x0000000100000000)
  region size 1024K, 1 young (1024K), 1 survivors (1024K)
 Metaspace       used 108802K, committed 110016K, reserved 458752K
  class space    used 15075K, committed 15680K, reserved 327680K
}
Event: 78.956 GC heap before
{Heap before GC invocations=104 (full 0):
 garbage-first heap   total 157696K, used 143047K [0x00000000a0000000, 0x0000000100000000)
  region size 1024K, 7 young (7168K), 1 survivors (1024K)
 Metaspace       used 108802K, committed 110016K, reserved 458752K
  class space    used 15075K, committed 15680K, reserved 327680K
}
Event: 78.959 GC heap after
{Heap after GC invocations=105 (full 0):
 garbage-first heap   total 157696K, used 138637K [0x00000000a0000000, 0x0000000100000000)
  region size 1024K, 1 young (1024K), 1 survivors (1024K)
 Metaspace       used 108802K, committed 110016K, reserved 458752K
  class space    used 15075K, committed 15680K, reserved 327680K
}
Event: 79.673 GC heap before
{Heap before GC invocations=105 (full 0):
 garbage-first heap   total 157696K, used 144781K [0x00000000a0000000, 0x0000000100000000)
  region size 1024K, 7 young (7168K), 1 survivors (1024K)
 Metaspace       used 108802K, committed 110016K, reserved 458752K
  class space    used 15075K, committed 15680K, reserved 327680K
}
Event: 79.677 GC heap after
{Heap after GC invocations=106 (full 0):
 garbage-first heap   total 157696K, used 139417K [0x00000000a0000000, 0x0000000100000000)
  region size 1024K, 1 young (1024K), 1 survivors (1024K)
 Metaspace       used 108802K, committed 110016K, reserved 458752K
  class space    used 15075K, committed 15680K, reserved 327680K
}
Event: 80.767 GC heap before
{Heap before GC invocations=106 (full 0):
 garbage-first heap   total 157696K, used 144537K [0x00000000a0000000, 0x0000000100000000)
  region size 1024K, 7 young (7168K), 1 survivors (1024K)
 Metaspace       used 108802K, committed 110016K, reserved 458752K
  class space    used 15075K, committed 15680K, reserved 327680K
}
Event: 80.771 GC heap after
{Heap after GC invocations=107 (full 0):
 garbage-first heap   total 157696K, used 140077K [0x00000000a0000000, 0x0000000100000000)
  region size 1024K, 1 young (1024K), 1 survivors (1024K)
 Metaspace       used 108802K, committed 110016K, reserved 458752K
  class space    used 15075K, committed 15680K, reserved 327680K
}
Event: 81.745 GC heap before
{Heap before GC invocations=107 (full 0):
 garbage-first heap   total 157696K, used 146221K [0x00000000a0000000, 0x0000000100000000)
  region size 1024K, 7 young (7168K), 1 survivors (1024K)
 Metaspace       used 108803K, committed 110016K, reserved 458752K
  class space    used 15075K, committed 15680K, reserved 327680K
}
Event: 81.750 GC heap after
{Heap after GC invocations=108 (full 0):
 garbage-first heap   total 157696K, used 140827K [0x00000000a0000000, 0x0000000100000000)
  region size 1024K, 1 young (1024K), 1 survivors (1024K)
 Metaspace       used 108803K, committed 110016K, reserved 458752K
  class space    used 15075K, committed 15680K, reserved 327680K
}
Event: 82.630 GC heap before
{Heap before GC invocations=109 (full 0):
 garbage-first heap   total 240640K, used 150043K [0x00000000a0000000, 0x0000000100000000)
  region size 1024K, 11 young (11264K), 1 survivors (1024K)
 Metaspace       used 108804K, committed 110016K, reserved 458752K
  class space    used 15075K, committed 15680K, reserved 327680K
}
Event: 82.635 GC heap after
{Heap after GC invocations=110 (full 0):
 garbage-first heap   total 240640K, used 141873K [0x00000000a0000000, 0x0000000100000000)
  region size 1024K, 2 young (2048K), 2 survivors (2048K)
 Metaspace       used 108804K, committed 110016K, reserved 458752K
  class space    used 15075K, committed 15680K, reserved 327680K
}
Event: 84.734 GC heap before
{Heap before GC invocations=110 (full 0):
 garbage-first heap   total 240640K, used 150065K [0x00000000a0000000, 0x0000000100000000)
  region size 1024K, 11 young (11264K), 2 survivors (2048K)
 Metaspace       used 108804K, committed 110016K, reserved 458752K
  class space    used 15075K, committed 15680K, reserved 327680K
}
Event: 84.746 GC heap after
{Heap after GC invocations=111 (full 0):
 garbage-first heap   total 240640K, used 136227K [0x00000000a0000000, 0x0000000100000000)
  region size 1024K, 2 young (2048K), 2 survivors (2048K)
 Metaspace       used 108804K, committed 110016K, reserved 458752K
  class space    used 15075K, committed 15680K, reserved 327680K
}

