# JRE version: OpenJDK Runtime Environment Microsoft-13877129 (17.0.19+10) (build 17.0.19+10-LTS)
# Java VM: OpenJDK 64-Bit Server VM Microsoft-13877129 (17.0.19+10-LTS, mixed mode, sharing, tiered, compressed oops, compressed class ptrs, g1 gc, windows-amd64)
GC Precious Log:
 CPUs: 12 total, 12 available
 Memory: 5989M
 Large Page Support: Disabled
 NUMA Support: Disabled
 Compressed Oops: Enabled (32-bit)
 Heap Region Size: 1M
 Heap Min Capacity: 8M
 Heap Initial Capacity: 94M
 Heap Max Capacity: 1498M
 Pre-touch: Disabled
 Parallel Workers: 10
 Concurrent Workers: 3
 Concurrent Refinement Workers: 10
 Periodic GC: Disabled
Heap:
 garbage-first heap   total 144384K, used 90871K [0x00000000a2600000, 0x0000000100000000)
  region size 1024K, 7 young (7168K), 4 survivors (4096K)
 Metaspace       used 63964K, committed 64256K, reserved 1114112K
  class space    used 7217K, committed 7360K, reserved 1048576K
GC Heap History (20 events):
Event: 14.778 GC heap before
{Heap before GC invocations=12 (full 0):
 garbage-first heap   total 86016K, used 64400K [0x00000000a2600000, 0x0000000100000000)
  region size 1024K, 25 young (25600K), 4 survivors (4096K)
 Metaspace       used 48309K, committed 48576K, reserved 1114112K
  class space    used 5897K, committed 6016K, reserved 1048576K
}
Event: 14.796 GC heap after
{Heap after GC invocations=13 (full 0):
 garbage-first heap   total 86016K, used 45829K [0x00000000a2600000, 0x0000000100000000)
  region size 1024K, 3 young (3072K), 3 survivors (3072K)
 Metaspace       used 48309K, committed 48576K, reserved 1114112K
  class space    used 5897K, committed 6016K, reserved 1048576K
}
Event: 15.828 GC heap before
{Heap before GC invocations=14 (full 0):
 garbage-first heap   total 86016K, used 65285K [0x00000000a2600000, 0x0000000100000000)
  region size 1024K, 22 young (22528K), 3 survivors (3072K)
 Metaspace       used 49848K, committed 50112K, reserved 1114112K
  class space    used 6030K, committed 6144K, reserved 1048576K
}
Event: 15.844 GC heap after
{Heap after GC invocations=15 (full 0):
 garbage-first heap   total 119808K, used 48987K [0x00000000a2600000, 0x0000000100000000)
  region size 1024K, 3 young (3072K), 3 survivors (3072K)
 Metaspace       used 49848K, committed 50112K, reserved 1114112K
  class space    used 6030K, committed 6144K, reserved 1048576K
}
Event: 17.614 GC heap before
{Heap before GC invocations=15 (full 0):
 garbage-first heap   total 119808K, used 85851K [0x00000000a2600000, 0x0000000100000000)
  region size 1024K, 39 young (39936K), 3 survivors (3072K)
 Metaspace       used 53716K, committed 54080K, reserved 1114112K
  class space    used 6365K, committed 6528K, reserved 1048576K
}
Event: 17.640 GC heap after
{Heap after GC invocations=16 (full 0):
 garbage-first heap   total 119808K, used 54272K [0x00000000a2600000, 0x0000000100000000)
  region size 1024K, 5 young (5120K), 5 survivors (5120K)
 Metaspace       used 53716K, committed 54080K, reserved 1114112K
  class space    used 6365K, committed 6528K, reserved 1048576K
}
Event: 18.548 GC heap before
{Heap before GC invocations=16 (full 0):
 garbage-first heap   total 119808K, used 88064K [0x00000000a2600000, 0x0000000100000000)
  region size 1024K, 38 young (38912K), 5 survivors (5120K)
 Metaspace       used 54084K, committed 54400K, reserved 1114112K
  class space    used 6386K, committed 6528K, reserved 1048576K
}
Event: 18.584 GC heap after
{Heap after GC invocations=17 (full 0):
 garbage-first heap   total 119808K, used 60703K [0x00000000a2600000, 0x0000000100000000)
  region size 1024K, 5 young (5120K), 5 survivors (5120K)
 Metaspace       used 54084K, committed 54400K, reserved 1114112K
  class space    used 6386K, committed 6528K, reserved 1048576K
}
Event: 19.552 GC heap before
{Heap before GC invocations=17 (full 0):
 garbage-first heap   total 119808K, used 91423K [0x00000000a2600000, 0x0000000100000000)
  region size 1024K, 35 young (35840K), 5 survivors (5120K)
 Metaspace       used 54356K, committed 54656K, reserved 1114112K
  class space    used 6399K, committed 6528K, reserved 1048576K
}
Event: 19.585 GC heap after
{Heap after GC invocations=18 (full 0):
 garbage-first heap   total 119808K, used 67072K [0x00000000a2600000, 0x0000000100000000)
  region size 1024K, 5 young (5120K), 5 survivors (5120K)
 Metaspace       used 54356K, committed 54656K, reserved 1114112K
  class space    used 6399K, committed 6528K, reserved 1048576K
}
Event: 20.796 GC heap before
{Heap before GC invocations=19 (full 0):
 garbage-first heap   total 119808K, used 93696K [0x00000000a2600000, 0x0000000100000000)
  region size 1024K, 31 young (31744K), 5 survivors (5120K)
 Metaspace       used 59982K, committed 60288K, reserved 1114112K
  class space    used 6922K, committed 7040K, reserved 1048576K
}
Event: 20.817 GC heap after
{Heap after GC invocations=20 (full 0):
 garbage-first heap   total 119808K, used 70647K [0x00000000a2600000, 0x0000000100000000)
  region size 1024K, 3 young (3072K), 3 survivors (3072K)
 Metaspace       used 59982K, committed 60288K, reserved 1114112K
  class space    used 6922K, committed 7040K, reserved 1048576K
}
Event: 21.748 GC heap before
{Heap before GC invocations=20 (full 0):
 garbage-first heap   total 119808K, used 96247K [0x00000000a2600000, 0x0000000100000000)
  region size 1024K, 28 young (28672K), 3 survivors (3072K)
 Metaspace       used 60393K, committed 60672K, reserved 1114112K
  class space    used 6927K, committed 7040K, reserved 1048576K
}
Event: 21.771 GC heap after
{Heap after GC invocations=21 (full 0):
 garbage-first heap   total 144384K, used 76288K [0x00000000a2600000, 0x0000000100000000)
  region size 1024K, 4 young (4096K), 4 survivors (4096K)
 Metaspace       used 60393K, committed 60672K, reserved 1114112K
  class space    used 6927K, committed 7040K, reserved 1048576K
}
Event: 22.913 GC heap before
{Heap before GC invocations=22 (full 0):
 garbage-first heap   total 144384K, used 110080K [0x00000000a2600000, 0x0000000100000000)
  region size 1024K, 37 young (37888K), 4 survivors (4096K)
 Metaspace       used 61315K, committed 61632K, reserved 1114112K
  class space    used 6983K, committed 7104K, reserved 1048576K
}
Event: 22.947 GC heap after
{Heap after GC invocations=23 (full 0):
 garbage-first heap   total 144384K, used 84827K [0x00000000a2600000, 0x0000000100000000)
  region size 1024K, 5 young (5120K), 5 survivors (5120K)
 Metaspace       used 61315K, committed 61632K, reserved 1114112K
  class space    used 6983K, committed 7104K, reserved 1048576K
}
Event: 22.972 GC heap before
{Heap before GC invocations=23 (full 0):
 garbage-first heap   total 144384K, used 86875K [0x00000000a2600000, 0x0000000100000000)
  region size 1024K, 7 young (7168K), 5 survivors (5120K)
 Metaspace       used 61326K, committed 61632K, reserved 1114112K
  class space    used 6984K, committed 7104K, reserved 1048576K
}
Event: 22.989 GC heap after
{Heap after GC invocations=24 (full 0):
 garbage-first heap   total 144384K, used 85763K [0x00000000a2600000, 0x0000000100000000)
  region size 1024K, 1 young (1024K), 1 survivors (1024K)
 Metaspace       used 61326K, committed 61632K, reserved 1114112K
  class space    used 6984K, committed 7104K, reserved 1048576K
}
Event: 23.819 GC heap before
{Heap before GC invocations=24 (full 0):
 garbage-first heap   total 144384K, used 112387K [0x00000000a2600000, 0x0000000100000000)
  region size 1024K, 27 young (27648K), 1 survivors (1024K)
 Metaspace       used 63591K, committed 63936K, reserved 1114112K
  class space    used 7182K, committed 7360K, reserved 1048576K
}
Event: 23.841 GC heap after
{Heap after GC invocations=25 (full 0):
 garbage-first heap   total 144384K, used 89847K [0x00000000a2600000, 0x0000000100000000)
  region size 1024K, 4 young (4096K), 4 survivors (4096K)
 Metaspace       used 63591K, committed 63936K, reserved 1114112K
  class space    used 7182K, committed 7360K, reserved 1048576K
}

