# JRE version: OpenJDK Runtime Environment Microsoft-13877129 (17.0.19+10) (build 17.0.19+10-LTS)
# Java VM: OpenJDK 64-Bit Server VM Microsoft-13877129 (17.0.19+10-LTS, mixed mode, sharing, tiered, compressed oops, compressed class ptrs, g1 gc, windows-amd64)
GC Precious Log:
 CPUs: 12 total, 12 available
 Memory: 5989M
 Large Page Support: Disabled
 NUMA Support: Disabled
 Compressed Oops: Enabled (Zero based)
 Heap Region Size: 2M
 Heap Min Capacity: 8M
 Heap Initial Capacity: 94M
 Heap Max Capacity: 4G
 Pre-touch: Disabled
 Parallel Workers: 10
 Concurrent Workers: 3
 Concurrent Refinement Workers: 10
 Periodic GC: Disabled
Heap:
 garbage-first heap   total 96256K, used 35328K [0x0000000700000000, 0x0000000800000000)
  region size 2048K, 11 young (22528K), 3 survivors (6144K)
 Metaspace       used 14024K, committed 14272K, reserved 917504K
  class space    used 1913K, committed 2048K, reserved 851968K
GC Heap History (8 events):
Event: 1.093 GC heap before
{Heap before GC invocations=0 (full 0):
 garbage-first heap   total 96256K, used 20480K [0x0000000700000000, 0x0000000800000000)
  region size 2048K, 11 young (22528K), 0 survivors (0K)
 Metaspace       used 819K, committed 960K, reserved 917504K
  class space    used 60K, committed 128K, reserved 851968K
}
Event: 1.100 GC heap after
{Heap after GC invocations=1 (full 0):
 garbage-first heap   total 96256K, used 1440K [0x0000000700000000, 0x0000000800000000)
  region size 2048K, 1 young (2048K), 1 survivors (2048K)
 Metaspace       used 819K, committed 960K, reserved 917504K
  class space    used 60K, committed 128K, reserved 851968K
}
Event: 3.533 GC heap before
{Heap before GC invocations=1 (full 0):
 garbage-first heap   total 96256K, used 42400K [0x0000000700000000, 0x0000000800000000)
  region size 2048K, 19 young (38912K), 1 survivors (2048K)
 Metaspace       used 4563K, committed 4736K, reserved 917504K
  class space    used 572K, committed 640K, reserved 851968K
}
Event: 3.547 GC heap after
{Heap after GC invocations=2 (full 0):
 garbage-first heap   total 96256K, used 11676K [0x0000000700000000, 0x0000000800000000)
  region size 2048K, 3 young (6144K), 3 survivors (6144K)
 Metaspace       used 4563K, committed 4736K, reserved 917504K
  class space    used 572K, committed 640K, reserved 851968K
}
Event: 6.333 GC heap before
{Heap before GC invocations=2 (full 0):
 garbage-first heap   total 96256K, used 54684K [0x0000000700000000, 0x0000000800000000)
  region size 2048K, 25 young (51200K), 3 survivors (6144K)
 Metaspace       used 4644K, committed 4800K, reserved 917504K
  class space    used 573K, committed 640K, reserved 851968K
}
Event: 6.348 GC heap after
{Heap after GC invocations=3 (full 0):
 garbage-first heap   total 96256K, used 16820K [0x0000000700000000, 0x0000000800000000)
  region size 2048K, 3 young (6144K), 3 survivors (6144K)
 Metaspace       used 4644K, committed 4800K, reserved 917504K
  class space    used 573K, committed 640K, reserved 851968K
}
Event: 10.354 GC heap before
{Heap before GC invocations=3 (full 0):
 garbage-first heap   total 96256K, used 59828K [0x0000000700000000, 0x0000000800000000)
  region size 2048K, 24 young (49152K), 3 survivors (6144K)
 Metaspace       used 11731K, committed 11968K, reserved 917504K
  class space    used 1577K, committed 1664K, reserved 851968K
}
Event: 10.374 GC heap after
{Heap after GC invocations=4 (full 0):
 garbage-first heap   total 96256K, used 20992K [0x0000000700000000, 0x0000000800000000)
  region size 2048K, 3 young (6144K), 3 survivors (6144K)
 Metaspace       used 11731K, committed 11968K, reserved 917504K
  class space    used 1577K, committed 1664K, reserved 851968K
}

